11:40:27.079 [main] INFO  o.s.b.t.c.SpringBootTestContextBootstrapper - Neither @ContextConfiguration nor @ContextHierarchy found for test class [com.example.demo.SpringBootDemoApplicationTests], using SpringBootContextLoader
11:40:27.095 [main] INFO  o.s.t.c.s.AbstractContextLoader - Could not detect default resource locations for test class [com.example.demo.SpringBootDemoApplicationTests]: no resource found for suffixes {-context.xml, Context.groovy}.
11:40:27.332 [main] INFO  o.s.b.t.c.SpringBootTestContextBootstrapper - Loaded default TestExecutionListener class names from location [META-INF/spring.factories]: [org.springframework.boot.test.mock.mockito.MockitoTestExecutionListener, org.springframework.boot.test.mock.mockito.ResetMocksTestExecutionListener, org.springframework.boot.test.autoconfigure.restdocs.RestDocsTestExecutionListener, org.springframework.boot.test.autoconfigure.web.client.MockRestServiceServerResetTestExecutionListener, org.springframework.boot.test.autoconfigure.web.servlet.MockMvcPrintOnlyOnFailureTestExecutionListener, org.springframework.boot.test.autoconfigure.web.servlet.WebDriverTestExecutionListener, org.springframework.test.context.web.ServletTestExecutionListener, org.springframework.test.context.support.DirtiesContextBeforeModesTestExecutionListener, org.springframework.test.context.support.DependencyInjectionTestExecutionListener, org.springframework.test.context.support.DirtiesContextTestExecutionListener, org.springframework.test.context.transaction.TransactionalTestExecutionListener, org.springframework.test.context.jdbc.SqlScriptsTestExecutionListener]
11:40:27.356 [main] INFO  o.s.b.t.c.SpringBootTestContextBootstrapper - Using TestExecutionListeners: [org.springframework.test.context.web.ServletTestExecutionListener@272ed83b, org.springframework.test.context.support.DirtiesContextBeforeModesTestExecutionListener@41fecb8b, org.springframework.boot.test.mock.mockito.MockitoTestExecutionListener@120f102b, org.springframework.boot.test.autoconfigure.SpringBootDependencyInjectionTestExecutionListener@625732, org.springframework.test.context.support.DirtiesContextTestExecutionListener@51dcb805, org.springframework.test.context.transaction.TransactionalTestExecutionListener@66498326, org.springframework.test.context.jdbc.SqlScriptsTestExecutionListener@cad498c, org.springframework.boot.test.mock.mockito.ResetMocksTestExecutionListener@1e6454ec, org.springframework.boot.test.autoconfigure.restdocs.RestDocsTestExecutionListener@2accdbb5, org.springframework.boot.test.autoconfigure.web.client.MockRestServiceServerResetTestExecutionListener@b62d79, org.springframework.boot.test.autoconfigure.web.servlet.MockMvcPrintOnlyOnFailureTestExecutionListener@6631f5ca, org.springframework.boot.test.autoconfigure.web.servlet.WebDriverTestExecutionListener@5ace1ed4]
11:40:27.720 [main] INFO  c.e.d.SpringBootDemoApplicationTests - Starting SpringBootDemoApplicationTests on W7-201703281209 with PID 30660 (started by Administrator in E:\workSpace\SpringBootDemo)
11:40:27.721 [main] INFO  c.e.d.SpringBootDemoApplicationTests - No active profile set, falling back to default profiles: default
11:40:27.751 [main] INFO  o.s.b.w.s.c.AnnotationConfigServletWebServerApplicationContext - Refreshing org.springframework.boot.web.servlet.context.AnnotationConfigServletWebServerApplicationContext@6933b6c6: startup date [Fri Jan 25 11:40:27 CST 2019]; root of context hierarchy
11:40:30.392 [main] INFO  o.s.b.w.e.tomcat.TomcatWebServer - Tomcat initialized with port(s): 0 (http)
11:40:30.438 [main] INFO  o.a.coyote.http11.Http11NioProtocol - Initializing ProtocolHandler ["http-nio-auto-1"]
11:40:30.449 [main] INFO  o.a.catalina.core.StandardService - Starting service [Tomcat]
11:40:30.449 [main] INFO  o.a.catalina.core.StandardEngine - Starting Servlet Engine: Apache Tomcat/8.5.32
11:40:30.488 [localhost-startStop-1] INFO  o.a.c.core.AprLifecycleListener - The APR based Apache Tomcat Native library which allows optimal performance in production environments was not found on the java.library.path: [D:\Program Files (x86)\java\jdk1.8.0_144\jre\bin;C:\Windows\Sun\Java\bin;C:\Windows\system32;C:\Windows;C:\Windows\system32;C:\Windows;C:\Windows\System32\Wbem;C:\Windows\System32\WindowsPowerShell\v1.0\;D:\Program Files (x86)\java\jdk1.8.0_144\bin;D:\Program Files (x86)\java\jdk1.8.0_144\jre\bin;D:\Program Files (x86)\apache-maven-3.3.3\bin;D:\Program Files\Git\cmd;D:\Program Files (x86)\Python;D:\Fiddler;.]
11:40:30.626 [localhost-startStop-1] INFO  o.a.c.c.C.[Tomcat].[localhost].[/] - Initializing Spring embedded WebApplicationContext
11:40:30.626 [localhost-startStop-1] INFO  o.s.web.context.ContextLoader - Root WebApplicationContext: initialization completed in 2875 ms
11:40:30.715 [localhost-startStop-1] INFO  o.s.b.w.s.ServletRegistrationBean - Servlet dispatcherServlet mapped to [/]
11:40:30.720 [localhost-startStop-1] INFO  o.s.b.w.s.FilterRegistrationBean - Mapping filter: 'characterEncodingFilter' to: [/*]
11:40:30.728 [localhost-startStop-1] INFO  o.s.b.w.s.FilterRegistrationBean - Mapping filter: 'hiddenHttpMethodFilter' to: [/*]
11:40:30.729 [localhost-startStop-1] INFO  o.s.b.w.s.FilterRegistrationBean - Mapping filter: 'httpPutFormContentFilter' to: [/*]
11:40:30.729 [localhost-startStop-1] INFO  o.s.b.w.s.FilterRegistrationBean - Mapping filter: 'requestContextFilter' to: [/*]
11:40:31.380 [main] INFO  o.s.w.s.h.SimpleUrlHandlerMapping - Mapped URL path [/**/favicon.ico] onto handler of type [class org.springframework.web.servlet.resource.ResourceHttpRequestHandler]
11:40:31.623 [main] INFO  o.s.w.s.m.m.a.RequestMappingHandlerAdapter - Looking for @ControllerAdvice: org.springframework.boot.web.servlet.context.AnnotationConfigServletWebServerApplicationContext@6933b6c6: startup date [Fri Jan 25 11:40:27 CST 2019]; root of context hierarchy
11:40:31.709 [main] INFO  o.s.w.s.m.m.a.RequestMappingHandlerMapping - Mapped "{[/test]}" onto public java.lang.String com.example.demo.FtlIndexController.test()
11:40:31.710 [main] INFO  o.s.w.s.m.m.a.RequestMappingHandlerMapping - Mapped "{[/ftlIndex]}" onto public java.lang.String com.example.demo.FtlIndexController.ftlIndex()
11:40:31.712 [main] INFO  o.s.w.s.m.m.a.RequestMappingHandlerMapping - Mapped "{[/find/{page}/{pageSize}],methods=[GET]}" onto public java.lang.String com.example.demo.HelloWorldController.find(java.lang.Integer,java.lang.Integer)
11:40:31.712 [main] INFO  o.s.w.s.m.m.a.RequestMappingHandlerMapping - Mapped "{[/find/{id}],methods=[GET]}" onto public java.lang.String com.example.demo.HelloWorldController.findById(java.lang.Integer)
11:40:31.712 [main] INFO  o.s.w.s.m.m.a.RequestMappingHandlerMapping - Mapped "{[/hello/{id}/{name}],methods=[GET]}" onto public java.lang.String com.example.demo.HelloWorldController.hello(java.lang.Integer,java.lang.String)
11:40:31.712 [main] INFO  o.s.w.s.m.m.a.RequestMappingHandlerMapping - Mapped "{[/insert/{name}],methods=[GET]}" onto public java.lang.String com.example.demo.HelloWorldController.insertUser(java.lang.String)
11:40:31.713 [main] INFO  o.s.w.s.m.m.a.RequestMappingHandlerMapping - Mapped "{[/addMember]}" onto public java.lang.String com.example.demo.MemberController.addMember()
11:40:31.714 [main] INFO  o.s.w.s.m.m.a.RequestMappingHandlerMapping - Mapped "{[/error]}" onto public org.springframework.http.ResponseEntity<java.util.Map<java.lang.String, java.lang.Object>> org.springframework.boot.autoconfigure.web.servlet.error.BasicErrorController.error(javax.servlet.http.HttpServletRequest)
11:40:31.715 [main] INFO  o.s.w.s.m.m.a.RequestMappingHandlerMapping - Mapped "{[/error],produces=[text/html]}" onto public org.springframework.web.servlet.ModelAndView org.springframework.boot.autoconfigure.web.servlet.error.BasicErrorController.errorHtml(javax.servlet.http.HttpServletRequest,javax.servlet.http.HttpServletResponse)
11:40:31.748 [main] INFO  o.s.w.s.h.SimpleUrlHandlerMapping - Mapped URL path [/webjars/**] onto handler of type [class org.springframework.web.servlet.resource.ResourceHttpRequestHandler]
11:40:31.748 [main] INFO  o.s.w.s.h.SimpleUrlHandlerMapping - Mapped URL path [/**] onto handler of type [class org.springframework.web.servlet.resource.ResourceHttpRequestHandler]
11:40:31.763 [main] INFO  o.s.w.s.m.m.a.ExceptionHandlerExceptionResolver - Detected @ExceptionHandler methods in globalExceptionHander
11:40:31.822 [main] INFO  o.s.b.a.w.s.WelcomePageHandlerMapping - Adding welcome page template: index
11:40:32.063 [main] INFO  o.s.w.s.v.f.FreeMarkerConfigurer - ClassTemplateLoader for Spring macros added to FreeMarker configuration
11:40:32.308 [main] INFO  o.a.coyote.http11.Http11NioProtocol - Starting ProtocolHandler ["http-nio-auto-1"]
11:40:32.319 [main] INFO  o.a.tomcat.util.net.NioSelectorPool - Using a shared selector for servlet write/read
11:40:32.342 [main] INFO  o.s.b.w.e.tomcat.TomcatWebServer - Tomcat started on port(s): 57755 (http) with context path ''
11:40:32.345 [main] INFO  c.e.d.SpringBootDemoApplicationTests - Started SpringBootDemoApplicationTests in 4.939 seconds (JVM running for 6.391)
11:40:32.597 [Thread-4] INFO  o.s.b.w.s.c.AnnotationConfigServletWebServerApplicationContext - Closing org.springframework.boot.web.servlet.context.AnnotationConfigServletWebServerApplicationContext@6933b6c6: startup date [Fri Jan 25 11:40:27 CST 2019]; root of context hierarchy
