16:37:54.572 [restartedMain] INFO  c.e.demo.SpringBootDemoApplication - Starting SpringBootDemoApplication on W7-201703281209 with PID 68580 (E:\workSpace\SpringBootDemo\target\classes started by Administrator in E:\workSpace\SpringBootDemo)
16:37:54.575 [restartedMain] INFO  c.e.demo.SpringBootDemoApplication - No active profile set, falling back to default profiles: default
16:37:54.642 [restartedMain] INFO  o.s.b.w.s.c.AnnotationConfigServletWebServerApplicationContext - Refreshing org.springframework.boot.web.servlet.context.AnnotationConfigServletWebServerApplicationContext@258085d8: startup date [Fri Sep 28 16:37:54 CST 2018]; root of context hierarchy
16:37:56.822 [restartedMain] INFO  o.s.b.w.e.tomcat.TomcatWebServer - Tomcat initialized with port(s): 8080 (http)
16:37:56.837 [restartedMain] INFO  o.a.coyote.http11.Http11NioProtocol - Initializing ProtocolHandler ["http-nio-8080"]
16:37:56.846 [restartedMain] INFO  o.a.catalina.core.StandardService - Starting service [Tomcat]
16:37:56.846 [restartedMain] INFO  o.a.catalina.core.StandardEngine - Starting Servlet Engine: Apache Tomcat/8.5.32
16:37:56.854 [localhost-startStop-1] INFO  o.a.c.core.AprLifecycleListener - The APR based Apache Tomcat Native library which allows optimal performance in production environments was not found on the java.library.path: [D:\Program Files (x86)\java\jdk1.8.0_144\bin;C:\Windows\Sun\Java\bin;C:\Windows\system32;C:\Windows;C:\Windows\system32;C:\Windows;C:\Windows\System32\Wbem;C:\Windows\System32\WindowsPowerShell\v1.0\;D:\Program Files (x86)\java\jdk1.8.0_144\bin;D:\Program Files (x86)\java\jdk1.8.0_144\jre\bin;D:\Program Files (x86)\apache-maven-3.3.3\bin;D:\Program Files\Git\cmd;D:\Fiddler;.]
16:37:56.923 [localhost-startStop-1] INFO  o.a.c.c.C.[Tomcat].[localhost].[/] - Initializing Spring embedded WebApplicationContext
16:37:56.924 [localhost-startStop-1] INFO  o.s.web.context.ContextLoader - Root WebApplicationContext: initialization completed in 2282 ms
16:37:56.973 [localhost-startStop-1] INFO  o.s.b.w.s.ServletRegistrationBean - Servlet dispatcherServlet mapped to [/]
16:37:56.976 [localhost-startStop-1] INFO  o.s.b.w.s.FilterRegistrationBean - Mapping filter: 'characterEncodingFilter' to: [/*]
16:37:56.977 [localhost-startStop-1] INFO  o.s.b.w.s.FilterRegistrationBean - Mapping filter: 'hiddenHttpMethodFilter' to: [/*]
16:37:56.977 [localhost-startStop-1] INFO  o.s.b.w.s.FilterRegistrationBean - Mapping filter: 'httpPutFormContentFilter' to: [/*]
16:37:56.977 [localhost-startStop-1] INFO  o.s.b.w.s.FilterRegistrationBean - Mapping filter: 'requestContextFilter' to: [/*]
16:37:57.374 [restartedMain] INFO  o.s.w.s.h.SimpleUrlHandlerMapping - Mapped URL path [/**/favicon.ico] onto handler of type [class org.springframework.web.servlet.resource.ResourceHttpRequestHandler]
16:37:57.534 [restartedMain] INFO  o.s.w.s.m.m.a.RequestMappingHandlerAdapter - Looking for @ControllerAdvice: org.springframework.boot.web.servlet.context.AnnotationConfigServletWebServerApplicationContext@258085d8: startup date [Fri Sep 28 16:37:54 CST 2018]; root of context hierarchy
16:37:57.587 [restartedMain] INFO  o.s.w.s.m.m.a.RequestMappingHandlerMapping - Mapped "{[/find],methods=[GET]}" onto public java.lang.String com.example.demo.HelloWorldController.find()
16:37:57.588 [restartedMain] INFO  o.s.w.s.m.m.a.RequestMappingHandlerMapping - Mapped "{[/hello/{id}],methods=[GET]}" onto public java.lang.String com.example.demo.HelloWorldController.hello(java.lang.String)
16:37:57.589 [restartedMain] INFO  o.s.w.s.m.m.a.RequestMappingHandlerMapping - Mapped "{[/find/{id}],methods=[GET]}" onto public java.lang.String com.example.demo.HelloWorldController.findById(java.lang.Integer)
16:37:57.591 [restartedMain] INFO  o.s.w.s.m.m.a.RequestMappingHandlerMapping - Mapped "{[/error]}" onto public org.springframework.http.ResponseEntity<java.util.Map<java.lang.String, java.lang.Object>> org.springframework.boot.autoconfigure.web.servlet.error.BasicErrorController.error(javax.servlet.http.HttpServletRequest)
16:37:57.592 [restartedMain] INFO  o.s.w.s.m.m.a.RequestMappingHandlerMapping - Mapped "{[/error],produces=[text/html]}" onto public org.springframework.web.servlet.ModelAndView org.springframework.boot.autoconfigure.web.servlet.error.BasicErrorController.errorHtml(javax.servlet.http.HttpServletRequest,javax.servlet.http.HttpServletResponse)
16:37:57.613 [restartedMain] INFO  o.s.w.s.h.SimpleUrlHandlerMapping - Mapped URL path [/webjars/**] onto handler of type [class org.springframework.web.servlet.resource.ResourceHttpRequestHandler]
16:37:57.613 [restartedMain] INFO  o.s.w.s.h.SimpleUrlHandlerMapping - Mapped URL path [/**] onto handler of type [class org.springframework.web.servlet.resource.ResourceHttpRequestHandler]
16:37:57.915 [restartedMain] INFO  o.s.b.d.a.OptionalLiveReloadServer - LiveReload server is running on port 35729
16:37:57.938 [restartedMain] INFO  o.s.j.e.a.AnnotationMBeanExporter - Registering beans for JMX exposure on startup
16:37:57.940 [restartedMain] INFO  o.s.j.e.a.AnnotationMBeanExporter - Bean with name 'dataSource' has been autodetected for JMX exposure
16:37:57.944 [restartedMain] INFO  o.s.j.e.a.AnnotationMBeanExporter - Located MBean 'dataSource': registering with JMX server as MBean [com.zaxxer.hikari:name=dataSource,type=HikariDataSource]
16:37:57.948 [restartedMain] INFO  o.s.c.s.DefaultLifecycleProcessor - Starting beans in phase 2147483647
16:37:57.954 [restartedMain] INFO  o.a.coyote.http11.Http11NioProtocol - Starting ProtocolHandler ["http-nio-8080"]
16:37:57.962 [restartedMain] INFO  o.a.tomcat.util.net.NioSelectorPool - Using a shared selector for servlet write/read
16:37:57.976 [restartedMain] INFO  o.s.b.w.e.tomcat.TomcatWebServer - Tomcat started on port(s): 8080 (http) with context path ''
16:37:57.980 [restartedMain] INFO  c.e.demo.SpringBootDemoApplication - Started SpringBootDemoApplication in 3.741 seconds (JVM running for 4.266)
16:38:55.796 [restartedMain] INFO  c.e.demo.SpringBootDemoApplication - Starting SpringBootDemoApplication on W7-201703281209 with PID 63552 (E:\workSpace\SpringBootDemo\target\classes started by Administrator in E:\workSpace\SpringBootDemo)
16:38:55.800 [restartedMain] INFO  c.e.demo.SpringBootDemoApplication - No active profile set, falling back to default profiles: default
16:38:55.868 [restartedMain] INFO  o.s.b.w.s.c.AnnotationConfigServletWebServerApplicationContext - Refreshing org.springframework.boot.web.servlet.context.AnnotationConfigServletWebServerApplicationContext@7971f9f: startup date [Fri Sep 28 16:38:55 CST 2018]; root of context hierarchy
16:38:57.505 [restartedMain] INFO  o.s.b.w.e.tomcat.TomcatWebServer - Tomcat initialized with port(s): 8080 (http)
16:38:57.518 [restartedMain] INFO  o.a.coyote.http11.Http11NioProtocol - Initializing ProtocolHandler ["http-nio-8080"]
16:38:57.527 [restartedMain] INFO  o.a.catalina.core.StandardService - Starting service [Tomcat]
16:38:57.528 [restartedMain] INFO  o.a.catalina.core.StandardEngine - Starting Servlet Engine: Apache Tomcat/8.5.32
16:38:57.535 [localhost-startStop-1] INFO  o.a.c.core.AprLifecycleListener - The APR based Apache Tomcat Native library which allows optimal performance in production environments was not found on the java.library.path: [D:\Program Files (x86)\java\jdk1.8.0_144\bin;C:\Windows\Sun\Java\bin;C:\Windows\system32;C:\Windows;C:\Windows\system32;C:\Windows;C:\Windows\System32\Wbem;C:\Windows\System32\WindowsPowerShell\v1.0\;D:\Program Files (x86)\java\jdk1.8.0_144\bin;D:\Program Files (x86)\java\jdk1.8.0_144\jre\bin;D:\Program Files (x86)\apache-maven-3.3.3\bin;D:\Program Files\Git\cmd;D:\Fiddler;.]
16:38:57.604 [localhost-startStop-1] INFO  o.a.c.c.C.[Tomcat].[localhost].[/] - Initializing Spring embedded WebApplicationContext
16:38:57.604 [localhost-startStop-1] INFO  o.s.web.context.ContextLoader - Root WebApplicationContext: initialization completed in 1736 ms
16:38:57.647 [localhost-startStop-1] INFO  o.s.b.w.s.ServletRegistrationBean - Servlet dispatcherServlet mapped to [/]
16:38:57.650 [localhost-startStop-1] INFO  o.s.b.w.s.FilterRegistrationBean - Mapping filter: 'characterEncodingFilter' to: [/*]
16:38:57.650 [localhost-startStop-1] INFO  o.s.b.w.s.FilterRegistrationBean - Mapping filter: 'hiddenHttpMethodFilter' to: [/*]
16:38:57.650 [localhost-startStop-1] INFO  o.s.b.w.s.FilterRegistrationBean - Mapping filter: 'httpPutFormContentFilter' to: [/*]
16:38:57.651 [localhost-startStop-1] INFO  o.s.b.w.s.FilterRegistrationBean - Mapping filter: 'requestContextFilter' to: [/*]
16:38:58.024 [restartedMain] INFO  o.s.w.s.h.SimpleUrlHandlerMapping - Mapped URL path [/**/favicon.ico] onto handler of type [class org.springframework.web.servlet.resource.ResourceHttpRequestHandler]
16:38:58.199 [restartedMain] INFO  o.s.w.s.m.m.a.RequestMappingHandlerAdapter - Looking for @ControllerAdvice: org.springframework.boot.web.servlet.context.AnnotationConfigServletWebServerApplicationContext@7971f9f: startup date [Fri Sep 28 16:38:55 CST 2018]; root of context hierarchy
16:38:58.264 [restartedMain] INFO  o.s.w.s.m.m.a.RequestMappingHandlerMapping - Mapped "{[/find],methods=[GET]}" onto public java.lang.String com.example.demo.HelloWorldController.find()
16:38:58.265 [restartedMain] INFO  o.s.w.s.m.m.a.RequestMappingHandlerMapping - Mapped "{[/find/{id}],methods=[GET]}" onto public java.lang.String com.example.demo.HelloWorldController.findById(java.lang.Integer)
16:38:58.265 [restartedMain] INFO  o.s.w.s.m.m.a.RequestMappingHandlerMapping - Mapped "{[/hello/{id}],methods=[GET]}" onto public java.lang.String com.example.demo.HelloWorldController.hello(java.lang.String)
16:38:58.269 [restartedMain] INFO  o.s.w.s.m.m.a.RequestMappingHandlerMapping - Mapped "{[/error]}" onto public org.springframework.http.ResponseEntity<java.util.Map<java.lang.String, java.lang.Object>> org.springframework.boot.autoconfigure.web.servlet.error.BasicErrorController.error(javax.servlet.http.HttpServletRequest)
16:38:58.269 [restartedMain] INFO  o.s.w.s.m.m.a.RequestMappingHandlerMapping - Mapped "{[/error],produces=[text/html]}" onto public org.springframework.web.servlet.ModelAndView org.springframework.boot.autoconfigure.web.servlet.error.BasicErrorController.errorHtml(javax.servlet.http.HttpServletRequest,javax.servlet.http.HttpServletResponse)
16:38:58.297 [restartedMain] INFO  o.s.w.s.h.SimpleUrlHandlerMapping - Mapped URL path [/webjars/**] onto handler of type [class org.springframework.web.servlet.resource.ResourceHttpRequestHandler]
16:38:58.297 [restartedMain] INFO  o.s.w.s.h.SimpleUrlHandlerMapping - Mapped URL path [/**] onto handler of type [class org.springframework.web.servlet.resource.ResourceHttpRequestHandler]
16:38:58.609 [restartedMain] INFO  o.s.b.d.a.OptionalLiveReloadServer - LiveReload server is running on port 35729
16:38:58.635 [restartedMain] INFO  o.s.j.e.a.AnnotationMBeanExporter - Registering beans for JMX exposure on startup
16:38:58.636 [restartedMain] INFO  o.s.j.e.a.AnnotationMBeanExporter - Bean with name 'dataSource' has been autodetected for JMX exposure
16:38:58.641 [restartedMain] INFO  o.s.j.e.a.AnnotationMBeanExporter - Located MBean 'dataSource': registering with JMX server as MBean [com.zaxxer.hikari:name=dataSource,type=HikariDataSource]
16:38:58.647 [restartedMain] INFO  o.s.c.s.DefaultLifecycleProcessor - Starting beans in phase 2147483647
16:38:58.654 [restartedMain] INFO  o.a.coyote.http11.Http11NioProtocol - Starting ProtocolHandler ["http-nio-8080"]
16:38:58.664 [restartedMain] INFO  o.a.tomcat.util.net.NioSelectorPool - Using a shared selector for servlet write/read
16:38:58.702 [restartedMain] INFO  o.s.b.w.e.tomcat.TomcatWebServer - Tomcat started on port(s): 8080 (http) with context path ''
16:38:58.706 [restartedMain] INFO  c.e.demo.SpringBootDemoApplication - Started SpringBootDemoApplication in 3.181 seconds (JVM running for 3.704)
16:39:05.216 [http-nio-8080-exec-1] INFO  o.a.c.c.C.[Tomcat].[localhost].[/] - Initializing Spring FrameworkServlet 'dispatcherServlet'
16:39:05.217 [http-nio-8080-exec-1] INFO  o.s.web.servlet.DispatcherServlet - FrameworkServlet 'dispatcherServlet': initialization started
16:39:05.231 [http-nio-8080-exec-1] INFO  o.s.web.servlet.DispatcherServlet - FrameworkServlet 'dispatcherServlet': initialization completed in 14 ms
16:39:05.272 [http-nio-8080-exec-1] INFO  com.zaxxer.hikari.HikariDataSource - HikariPool-1 - Starting...
16:39:05.449 [http-nio-8080-exec-1] INFO  com.zaxxer.hikari.HikariDataSource - HikariPool-1 - Start completed.
16:39:05.472 [http-nio-8080-exec-1] INFO  c.example.demo.HelloWorldController - 日志打印成功
16:39:52.811 [restartedMain] INFO  c.e.demo.SpringBootDemoApplication - Starting SpringBootDemoApplication on W7-201703281209 with PID 67972 (E:\workSpace\SpringBootDemo\target\classes started by Administrator in E:\workSpace\SpringBootDemo)
16:39:52.877 [restartedMain] INFO  c.e.demo.SpringBootDemoApplication - No active profile set, falling back to default profiles: default
16:39:52.968 [restartedMain] INFO  o.s.b.w.s.c.AnnotationConfigServletWebServerApplicationContext - Refreshing org.springframework.boot.web.servlet.context.AnnotationConfigServletWebServerApplicationContext@a708eef: startup date [Sat Sep 29 16:39:52 CST 2018]; root of context hierarchy
16:39:54.810 [restartedMain] INFO  o.s.b.w.e.tomcat.TomcatWebServer - Tomcat initialized with port(s): 8080 (http)
16:39:54.827 [restartedMain] INFO  o.a.coyote.http11.Http11NioProtocol - Initializing ProtocolHandler ["http-nio-8080"]
16:39:54.848 [restartedMain] INFO  o.a.catalina.core.StandardService - Starting service [Tomcat]
16:39:54.849 [restartedMain] INFO  o.a.catalina.core.StandardEngine - Starting Servlet Engine: Apache Tomcat/8.5.32
16:39:54.857 [localhost-startStop-1] INFO  o.a.c.core.AprLifecycleListener - The APR based Apache Tomcat Native library which allows optimal performance in production environments was not found on the java.library.path: [D:\Program Files (x86)\java\jdk1.8.0_144\bin;C:\Windows\Sun\Java\bin;C:\Windows\system32;C:\Windows;C:\Windows\system32;C:\Windows;C:\Windows\System32\Wbem;C:\Windows\System32\WindowsPowerShell\v1.0\;D:\Program Files (x86)\java\jdk1.8.0_144\bin;D:\Program Files (x86)\java\jdk1.8.0_144\jre\bin;D:\Program Files (x86)\apache-maven-3.3.3\bin;D:\Program Files\Git\cmd;D:\Fiddler;.]
16:39:54.940 [localhost-startStop-1] INFO  o.a.c.c.C.[Tomcat].[localhost].[/] - Initializing Spring embedded WebApplicationContext
16:39:54.940 [localhost-startStop-1] INFO  o.s.web.context.ContextLoader - Root WebApplicationContext: initialization completed in 1972 ms
16:39:55.000 [localhost-startStop-1] INFO  o.s.b.w.s.ServletRegistrationBean - Servlet dispatcherServlet mapped to [/]
16:39:55.003 [localhost-startStop-1] INFO  o.s.b.w.s.FilterRegistrationBean - Mapping filter: 'characterEncodingFilter' to: [/*]
16:39:55.004 [localhost-startStop-1] INFO  o.s.b.w.s.FilterRegistrationBean - Mapping filter: 'hiddenHttpMethodFilter' to: [/*]
16:39:55.004 [localhost-startStop-1] INFO  o.s.b.w.s.FilterRegistrationBean - Mapping filter: 'httpPutFormContentFilter' to: [/*]
16:39:55.004 [localhost-startStop-1] INFO  o.s.b.w.s.FilterRegistrationBean - Mapping filter: 'requestContextFilter' to: [/*]
16:39:55.419 [restartedMain] INFO  o.s.w.s.h.SimpleUrlHandlerMapping - Mapped URL path [/**/favicon.ico] onto handler of type [class org.springframework.web.servlet.resource.ResourceHttpRequestHandler]
16:39:55.714 [restartedMain] INFO  o.s.w.s.m.m.a.RequestMappingHandlerAdapter - Looking for @ControllerAdvice: org.springframework.boot.web.servlet.context.AnnotationConfigServletWebServerApplicationContext@a708eef: startup date [Sat Sep 29 16:39:52 CST 2018]; root of context hierarchy
16:39:55.786 [restartedMain] INFO  o.s.w.s.m.m.a.RequestMappingHandlerMapping - Mapped "{[/find],methods=[GET]}" onto public java.lang.String com.example.demo.HelloWorldController.find()
16:39:55.786 [restartedMain] INFO  o.s.w.s.m.m.a.RequestMappingHandlerMapping - Mapped "{[/hello/{id}],methods=[GET]}" onto public java.lang.String com.example.demo.HelloWorldController.hello(java.lang.String)
16:39:55.787 [restartedMain] INFO  o.s.w.s.m.m.a.RequestMappingHandlerMapping - Mapped "{[/find/{id}],methods=[GET]}" onto public java.lang.String com.example.demo.HelloWorldController.findById(java.lang.Integer)
16:39:55.790 [restartedMain] INFO  o.s.w.s.m.m.a.RequestMappingHandlerMapping - Mapped "{[/error]}" onto public org.springframework.http.ResponseEntity<java.util.Map<java.lang.String, java.lang.Object>> org.springframework.boot.autoconfigure.web.servlet.error.BasicErrorController.error(javax.servlet.http.HttpServletRequest)
16:39:55.790 [restartedMain] INFO  o.s.w.s.m.m.a.RequestMappingHandlerMapping - Mapped "{[/error],produces=[text/html]}" onto public org.springframework.web.servlet.ModelAndView org.springframework.boot.autoconfigure.web.servlet.error.BasicErrorController.errorHtml(javax.servlet.http.HttpServletRequest,javax.servlet.http.HttpServletResponse)
16:39:55.822 [restartedMain] INFO  o.s.w.s.h.SimpleUrlHandlerMapping - Mapped URL path [/webjars/**] onto handler of type [class org.springframework.web.servlet.resource.ResourceHttpRequestHandler]
16:39:55.822 [restartedMain] INFO  o.s.w.s.h.SimpleUrlHandlerMapping - Mapped URL path [/**] onto handler of type [class org.springframework.web.servlet.resource.ResourceHttpRequestHandler]
16:39:56.204 [restartedMain] INFO  o.s.b.d.a.OptionalLiveReloadServer - LiveReload server is running on port 35729
16:39:56.224 [restartedMain] INFO  o.s.j.e.a.AnnotationMBeanExporter - Registering beans for JMX exposure on startup
16:39:56.226 [restartedMain] INFO  o.s.j.e.a.AnnotationMBeanExporter - Bean with name 'dataSource' has been autodetected for JMX exposure
16:39:56.231 [restartedMain] INFO  o.s.j.e.a.AnnotationMBeanExporter - Located MBean 'dataSource': registering with JMX server as MBean [com.zaxxer.hikari:name=dataSource,type=HikariDataSource]
16:39:56.236 [restartedMain] INFO  o.s.c.s.DefaultLifecycleProcessor - Starting beans in phase 2147483647
16:39:56.242 [restartedMain] INFO  o.a.coyote.http11.Http11NioProtocol - Starting ProtocolHandler ["http-nio-8080"]
16:39:56.261 [restartedMain] INFO  o.a.tomcat.util.net.NioSelectorPool - Using a shared selector for servlet write/read
16:39:56.292 [restartedMain] INFO  o.s.b.w.e.tomcat.TomcatWebServer - Tomcat started on port(s): 8080 (http) with context path ''
16:39:56.298 [restartedMain] INFO  c.e.demo.SpringBootDemoApplication - Started SpringBootDemoApplication in 3.771 seconds (JVM running for 4.287)
16:47:33.355 [http-nio-8080-exec-5] INFO  o.a.c.c.C.[Tomcat].[localhost].[/] - Initializing Spring FrameworkServlet 'dispatcherServlet'
16:47:33.355 [http-nio-8080-exec-5] INFO  o.s.web.servlet.DispatcherServlet - FrameworkServlet 'dispatcherServlet': initialization started
16:47:33.373 [http-nio-8080-exec-5] INFO  o.s.web.servlet.DispatcherServlet - FrameworkServlet 'dispatcherServlet': initialization completed in 18 ms
16:47:33.416 [http-nio-8080-exec-5] WARN  o.s.w.s.m.s.DefaultHandlerExceptionResolver - Resolved exception caused by Handler execution: org.springframework.web.HttpMediaTypeNotAcceptableException: Could not find acceptable representation
16:47:33.427 [http-nio-8080-exec-6] WARN  o.s.w.s.m.s.DefaultHandlerExceptionResolver - Resolved exception caused by Handler execution: org.springframework.web.HttpMediaTypeNotAcceptableException: Could not find acceptable representation
16:47:36.356 [http-nio-8080-exec-10] WARN  o.s.w.s.m.s.DefaultHandlerExceptionResolver - Resolved exception caused by Handler execution: org.springframework.web.HttpMediaTypeNotAcceptableException: Could not find acceptable representation
16:47:36.364 [http-nio-8080-exec-7] WARN  o.s.w.s.m.s.DefaultHandlerExceptionResolver - Resolved exception caused by Handler execution: org.springframework.web.HttpMediaTypeNotAcceptableException: Could not find acceptable representation
16:47:36.367 [http-nio-8080-exec-9] WARN  o.s.w.s.m.s.DefaultHandlerExceptionResolver - Resolved exception caused by Handler execution: org.springframework.web.HttpMediaTypeNotAcceptableException: Could not find acceptable representation
16:47:45.161 [http-nio-8080-exec-2] WARN  o.s.w.s.m.s.DefaultHandlerExceptionResolver - Resolved exception caused by Handler execution: org.springframework.web.HttpMediaTypeNotAcceptableException: Could not find acceptable representation
16:47:45.161 [http-nio-8080-exec-3] WARN  o.s.w.s.m.s.DefaultHandlerExceptionResolver - Resolved exception caused by Handler execution: org.springframework.web.HttpMediaTypeNotAcceptableException: Could not find acceptable representation
16:47:45.164 [http-nio-8080-exec-8] WARN  o.s.w.s.m.s.DefaultHandlerExceptionResolver - Resolved exception caused by Handler execution: org.springframework.web.HttpMediaTypeNotAcceptableException: Could not find acceptable representation
16:47:45.167 [http-nio-8080-exec-1] WARN  o.s.w.s.m.s.DefaultHandlerExceptionResolver - Resolved exception caused by Handler execution: org.springframework.web.HttpMediaTypeNotAcceptableException: Could not find acceptable representation
16:47:45.173 [http-nio-8080-exec-8] WARN  o.s.w.s.m.s.DefaultHandlerExceptionResolver - Resolved exception caused by Handler execution: org.springframework.web.HttpMediaTypeNotAcceptableException: Could not find acceptable representation
16:47:47.228 [http-nio-8080-exec-7] WARN  o.s.w.s.m.s.DefaultHandlerExceptionResolver - Resolved exception caused by Handler execution: org.springframework.web.HttpMediaTypeNotAcceptableException: Could not find acceptable representation
16:47:47.234 [http-nio-8080-exec-10] WARN  o.s.w.s.m.s.DefaultHandlerExceptionResolver - Resolved exception caused by Handler execution: org.springframework.web.HttpMediaTypeNotAcceptableException: Could not find acceptable representation
16:47:47.239 [http-nio-8080-exec-6] WARN  o.s.w.s.m.s.DefaultHandlerExceptionResolver - Resolved exception caused by Handler execution: org.springframework.web.HttpMediaTypeNotAcceptableException: Could not find acceptable representation
16:47:47.244 [http-nio-8080-exec-10] WARN  o.s.w.s.m.s.DefaultHandlerExceptionResolver - Resolved exception caused by Handler execution: org.springframework.web.HttpMediaTypeNotAcceptableException: Could not find acceptable representation
16:47:47.246 [http-nio-8080-exec-5] WARN  o.s.w.s.m.s.DefaultHandlerExceptionResolver - Resolved exception caused by Handler execution: org.springframework.web.HttpMediaTypeNotAcceptableException: Could not find acceptable representation
16:47:49.157 [http-nio-8080-exec-3] WARN  o.s.w.s.m.s.DefaultHandlerExceptionResolver - Resolved exception caused by Handler execution: org.springframework.web.HttpMediaTypeNotAcceptableException: Could not find acceptable representation
16:47:49.157 [http-nio-8080-exec-2] WARN  o.s.w.s.m.s.DefaultHandlerExceptionResolver - Resolved exception caused by Handler execution: org.springframework.web.HttpMediaTypeNotAcceptableException: Could not find acceptable representation
16:47:49.166 [http-nio-8080-exec-3] WARN  o.s.w.s.m.s.DefaultHandlerExceptionResolver - Resolved exception caused by Handler execution: org.springframework.web.HttpMediaTypeNotAcceptableException: Could not find acceptable representation
16:47:49.166 [http-nio-8080-exec-4] WARN  o.s.w.s.m.s.DefaultHandlerExceptionResolver - Resolved exception caused by Handler execution: org.springframework.web.HttpMediaTypeNotAcceptableException: Could not find acceptable representation
16:47:49.174 [http-nio-8080-exec-2] WARN  o.s.w.s.m.s.DefaultHandlerExceptionResolver - Resolved exception caused by Handler execution: org.springframework.web.HttpMediaTypeNotAcceptableException: Could not find acceptable representation
16:50:40.658 [http-nio-8080-exec-5] WARN  o.s.w.s.m.s.DefaultHandlerExceptionResolver - Resolved exception caused by Handler execution: org.springframework.web.HttpMediaTypeNotAcceptableException: Could not find acceptable representation
16:50:40.664 [http-nio-8080-exec-1] WARN  o.s.w.s.m.s.DefaultHandlerExceptionResolver - Resolved exception caused by Handler execution: org.springframework.web.HttpMediaTypeNotAcceptableException: Could not find acceptable representation
16:50:43.737 [http-nio-8080-exec-4] WARN  o.s.w.s.m.s.DefaultHandlerExceptionResolver - Resolved exception caused by Handler execution: org.springframework.web.HttpMediaTypeNotAcceptableException: Could not find acceptable representation
16:50:43.737 [http-nio-8080-exec-3] WARN  o.s.w.s.m.s.DefaultHandlerExceptionResolver - Resolved exception caused by Handler execution: org.springframework.web.HttpMediaTypeNotAcceptableException: Could not find acceptable representation
16:50:43.743 [http-nio-8080-exec-8] WARN  o.s.w.s.m.s.DefaultHandlerExceptionResolver - Resolved exception caused by Handler execution: org.springframework.web.HttpMediaTypeNotAcceptableException: Could not find acceptable representation
16:55:12.029 [http-nio-8080-exec-6] WARN  o.s.w.s.m.s.DefaultHandlerExceptionResolver - Resolved exception caused by Handler execution: org.springframework.web.HttpMediaTypeNotAcceptableException: Could not find acceptable representation
16:55:12.043 [http-nio-8080-exec-5] WARN  o.s.w.s.m.s.DefaultHandlerExceptionResolver - Resolved exception caused by Handler execution: org.springframework.web.HttpMediaTypeNotAcceptableException: Could not find acceptable representation
16:55:15.001 [http-nio-8080-exec-3] WARN  o.s.w.s.m.s.DefaultHandlerExceptionResolver - Resolved exception caused by Handler execution: org.springframework.web.HttpMediaTypeNotAcceptableException: Could not find acceptable representation
16:55:15.002 [http-nio-8080-exec-4] WARN  o.s.w.s.m.s.DefaultHandlerExceptionResolver - Resolved exception caused by Handler execution: org.springframework.web.HttpMediaTypeNotAcceptableException: Could not find acceptable representation
16:55:15.008 [http-nio-8080-exec-1] WARN  o.s.w.s.m.s.DefaultHandlerExceptionResolver - Resolved exception caused by Handler execution: org.springframework.web.HttpMediaTypeNotAcceptableException: Could not find acceptable representation
17:02:34.603 [http-nio-8080-exec-9] WARN  o.s.w.s.m.s.DefaultHandlerExceptionResolver - Resolved exception caused by Handler execution: org.springframework.web.HttpMediaTypeNotAcceptableException: Could not find acceptable representation
17:02:34.609 [http-nio-8080-exec-6] WARN  o.s.w.s.m.s.DefaultHandlerExceptionResolver - Resolved exception caused by Handler execution: org.springframework.web.HttpMediaTypeNotAcceptableException: Could not find acceptable representation
17:02:37.572 [http-nio-8080-exec-5] WARN  o.s.w.s.m.s.DefaultHandlerExceptionResolver - Resolved exception caused by Handler execution: org.springframework.web.HttpMediaTypeNotAcceptableException: Could not find acceptable representation
17:02:37.574 [http-nio-8080-exec-4] WARN  o.s.w.s.m.s.DefaultHandlerExceptionResolver - Resolved exception caused by Handler execution: org.springframework.web.HttpMediaTypeNotAcceptableException: Could not find acceptable representation
17:02:37.574 [http-nio-8080-exec-3] WARN  o.s.w.s.m.s.DefaultHandlerExceptionResolver - Resolved exception caused by Handler execution: org.springframework.web.HttpMediaTypeNotAcceptableException: Could not find acceptable representation
17:04:15.576 [http-nio-8080-exec-2] WARN  o.s.w.s.m.s.DefaultHandlerExceptionResolver - Resolved exception caused by Handler execution: org.springframework.web.HttpMediaTypeNotAcceptableException: Could not find acceptable representation
17:04:15.591 [http-nio-8080-exec-9] WARN  o.s.w.s.m.s.DefaultHandlerExceptionResolver - Resolved exception caused by Handler execution: org.springframework.web.HttpMediaTypeNotAcceptableException: Could not find acceptable representation
17:04:18.545 [http-nio-8080-exec-6] WARN  o.s.w.s.m.s.DefaultHandlerExceptionResolver - Resolved exception caused by Handler execution: org.springframework.web.HttpMediaTypeNotAcceptableException: Could not find acceptable representation
17:04:18.546 [http-nio-8080-exec-5] WARN  o.s.w.s.m.s.DefaultHandlerExceptionResolver - Resolved exception caused by Handler execution: org.springframework.web.HttpMediaTypeNotAcceptableException: Could not find acceptable representation
17:04:18.552 [http-nio-8080-exec-4] WARN  o.s.w.s.m.s.DefaultHandlerExceptionResolver - Resolved exception caused by Handler execution: org.springframework.web.HttpMediaTypeNotAcceptableException: Could not find acceptable representation
17:07:10.264 [http-nio-8080-exec-7] WARN  o.s.w.s.m.s.DefaultHandlerExceptionResolver - Resolved exception caused by Handler execution: org.springframework.web.HttpMediaTypeNotAcceptableException: Could not find acceptable representation
17:07:10.270 [http-nio-8080-exec-2] WARN  o.s.w.s.m.s.DefaultHandlerExceptionResolver - Resolved exception caused by Handler execution: org.springframework.web.HttpMediaTypeNotAcceptableException: Could not find acceptable representation
17:07:13.242 [http-nio-8080-exec-6] WARN  o.s.w.s.m.s.DefaultHandlerExceptionResolver - Resolved exception caused by Handler execution: org.springframework.web.HttpMediaTypeNotAcceptableException: Could not find acceptable representation
17:07:13.244 [http-nio-8080-exec-5] WARN  o.s.w.s.m.s.DefaultHandlerExceptionResolver - Resolved exception caused by Handler execution: org.springframework.web.HttpMediaTypeNotAcceptableException: Could not find acceptable representation
17:07:13.245 [http-nio-8080-exec-9] WARN  o.s.w.s.m.s.DefaultHandlerExceptionResolver - Resolved exception caused by Handler execution: org.springframework.web.HttpMediaTypeNotAcceptableException: Could not find acceptable representation
17:13:43.494 [http-nio-8080-exec-5] WARN  o.s.w.s.m.s.DefaultHandlerExceptionResolver - Resolved exception caused by Handler execution: org.springframework.web.HttpMediaTypeNotAcceptableException: Could not find acceptable representation
17:13:43.507 [http-nio-8080-exec-9] WARN  o.s.w.s.m.s.DefaultHandlerExceptionResolver - Resolved exception caused by Handler execution: org.springframework.web.HttpMediaTypeNotAcceptableException: Could not find acceptable representation
17:13:46.465 [http-nio-8080-exec-3] WARN  o.s.w.s.m.s.DefaultHandlerExceptionResolver - Resolved exception caused by Handler execution: org.springframework.web.HttpMediaTypeNotAcceptableException: Could not find acceptable representation
17:13:46.466 [http-nio-8080-exec-4] WARN  o.s.w.s.m.s.DefaultHandlerExceptionResolver - Resolved exception caused by Handler execution: org.springframework.web.HttpMediaTypeNotAcceptableException: Could not find acceptable representation
17:13:46.473 [http-nio-8080-exec-1] WARN  o.s.w.s.m.s.DefaultHandlerExceptionResolver - Resolved exception caused by Handler execution: org.springframework.web.HttpMediaTypeNotAcceptableException: Could not find acceptable representation
17:13:47.079 [http-nio-8080-exec-10] WARN  o.s.w.s.m.s.DefaultHandlerExceptionResolver - Resolved exception caused by Handler execution: org.springframework.web.HttpMediaTypeNotAcceptableException: Could not find acceptable representation
17:13:47.083 [http-nio-8080-exec-10] WARN  o.s.w.s.m.s.DefaultHandlerExceptionResolver - Resolved exception caused by Handler execution: org.springframework.web.HttpMediaTypeNotAcceptableException: Could not find acceptable representation
17:13:47.083 [http-nio-8080-exec-7] WARN  o.s.w.s.m.s.DefaultHandlerExceptionResolver - Resolved exception caused by Handler execution: org.springframework.web.HttpMediaTypeNotAcceptableException: Could not find acceptable representation
17:13:47.084 [http-nio-8080-exec-8] WARN  o.s.w.s.m.s.DefaultHandlerExceptionResolver - Resolved exception caused by Handler execution: org.springframework.web.HttpMediaTypeNotAcceptableException: Could not find acceptable representation
17:13:47.098 [http-nio-8080-exec-6] WARN  o.s.w.s.m.s.DefaultHandlerExceptionResolver - Resolved exception caused by Handler execution: org.springframework.web.HttpMediaTypeNotAcceptableException: Could not find acceptable representation
17:17:41.877 [http-nio-8080-exec-5] WARN  o.s.w.s.m.s.DefaultHandlerExceptionResolver - Resolved exception caused by Handler execution: org.springframework.web.HttpMediaTypeNotAcceptableException: Could not find acceptable representation
17:17:41.884 [http-nio-8080-exec-9] WARN  o.s.w.s.m.s.DefaultHandlerExceptionResolver - Resolved exception caused by Handler execution: org.springframework.web.HttpMediaTypeNotAcceptableException: Could not find acceptable representation
17:17:44.852 [http-nio-8080-exec-1] WARN  o.s.w.s.m.s.DefaultHandlerExceptionResolver - Resolved exception caused by Handler execution: org.springframework.web.HttpMediaTypeNotAcceptableException: Could not find acceptable representation
17:17:44.855 [http-nio-8080-exec-4] WARN  o.s.w.s.m.s.DefaultHandlerExceptionResolver - Resolved exception caused by Handler execution: org.springframework.web.HttpMediaTypeNotAcceptableException: Could not find acceptable representation
17:17:44.858 [http-nio-8080-exec-3] WARN  o.s.w.s.m.s.DefaultHandlerExceptionResolver - Resolved exception caused by Handler execution: org.springframework.web.HttpMediaTypeNotAcceptableException: Could not find acceptable representation
17:18:20.519 [http-nio-8080-exec-3] WARN  o.s.w.s.m.s.DefaultHandlerExceptionResolver - Resolved exception caused by Handler execution: org.springframework.web.HttpMediaTypeNotAcceptableException: Could not find acceptable representation
17:18:20.519 [http-nio-8080-exec-4] WARN  o.s.w.s.m.s.DefaultHandlerExceptionResolver - Resolved exception caused by Handler execution: org.springframework.web.HttpMediaTypeNotAcceptableException: Could not find acceptable representation
17:18:20.519 [http-nio-8080-exec-2] WARN  o.s.w.s.m.s.DefaultHandlerExceptionResolver - Resolved exception caused by Handler execution: org.springframework.web.HttpMediaTypeNotAcceptableException: Could not find acceptable representation
17:18:20.525 [http-nio-8080-exec-7] WARN  o.s.w.s.m.s.DefaultHandlerExceptionResolver - Resolved exception caused by Handler execution: org.springframework.web.HttpMediaTypeNotAcceptableException: Could not find acceptable representation
17:18:20.531 [http-nio-8080-exec-10] WARN  o.s.w.s.m.s.DefaultHandlerExceptionResolver - Resolved exception caused by Handler execution: org.springframework.web.HttpMediaTypeNotAcceptableException: Could not find acceptable representation
17:25:14.696 [http-nio-8080-exec-7] WARN  o.s.w.s.m.s.DefaultHandlerExceptionResolver - Resolved exception caused by Handler execution: org.springframework.web.HttpMediaTypeNotAcceptableException: Could not find acceptable representation
17:25:14.704 [http-nio-8080-exec-10] WARN  o.s.w.s.m.s.DefaultHandlerExceptionResolver - Resolved exception caused by Handler execution: org.springframework.web.HttpMediaTypeNotAcceptableException: Could not find acceptable representation
17:25:17.670 [http-nio-8080-exec-8] WARN  o.s.w.s.m.s.DefaultHandlerExceptionResolver - Resolved exception caused by Handler execution: org.springframework.web.HttpMediaTypeNotAcceptableException: Could not find acceptable representation
17:25:17.670 [http-nio-8080-exec-5] WARN  o.s.w.s.m.s.DefaultHandlerExceptionResolver - Resolved exception caused by Handler execution: org.springframework.web.HttpMediaTypeNotAcceptableException: Could not find acceptable representation
17:25:17.672 [http-nio-8080-exec-6] WARN  o.s.w.s.m.s.DefaultHandlerExceptionResolver - Resolved exception caused by Handler execution: org.springframework.web.HttpMediaTypeNotAcceptableException: Could not find acceptable representation
