09:20:55.853 [restartedMain] INFO  c.e.demo.SpringBootDemoApplication - Starting SpringBootDemoApplication on W7-201703281209 with PID 13128 (E:\workSpace\SpringBootDemo\target\classes started by Administrator in E:\workSpace\SpringBootDemo)
09:20:55.882 [restartedMain] INFO  c.e.demo.SpringBootDemoApplication - No active profile set, falling back to default profiles: default
09:20:56.020 [restartedMain] INFO  o.s.b.w.s.c.AnnotationConfigServletWebServerApplicationContext - Refreshing org.springframework.boot.web.servlet.context.AnnotationConfigServletWebServerApplicationContext@349f9b32: startup date [Tue Oct 09 09:20:56 CST 2018]; root of context hierarchy
09:20:58.235 [restartedMain] INFO  o.s.b.w.e.tomcat.TomcatWebServer - Tomcat initialized with port(s): 8080 (http)
09:20:58.265 [restartedMain] INFO  o.a.coyote.http11.Http11NioProtocol - Initializing ProtocolHandler ["http-nio-8080"]
09:20:58.275 [restartedMain] INFO  o.a.catalina.core.StandardService - Starting service [Tomcat]
09:20:58.276 [restartedMain] INFO  o.a.catalina.core.StandardEngine - Starting Servlet Engine: Apache Tomcat/8.5.32
09:20:58.285 [localhost-startStop-1] INFO  o.a.c.core.AprLifecycleListener - The APR based Apache Tomcat Native library which allows optimal performance in production environments was not found on the java.library.path: [D:\Program Files (x86)\java\jdk1.8.0_144\bin;C:\Windows\Sun\Java\bin;C:\Windows\system32;C:\Windows;C:\Windows\system32;C:\Windows;C:\Windows\System32\Wbem;C:\Windows\System32\WindowsPowerShell\v1.0\;D:\Program Files (x86)\java\jdk1.8.0_144\bin;D:\Program Files (x86)\java\jdk1.8.0_144\jre\bin;D:\Program Files (x86)\apache-maven-3.3.3\bin;D:\Program Files\Git\cmd;D:\Fiddler;.]
09:20:58.360 [localhost-startStop-1] INFO  o.a.c.c.C.[Tomcat].[localhost].[/] - Initializing Spring embedded WebApplicationContext
09:20:58.360 [localhost-startStop-1] INFO  o.s.web.context.ContextLoader - Root WebApplicationContext: initialization completed in 2340 ms
09:20:58.406 [localhost-startStop-1] INFO  o.s.b.w.s.ServletRegistrationBean - Servlet dispatcherServlet mapped to [/]
09:20:58.409 [localhost-startStop-1] INFO  o.s.b.w.s.FilterRegistrationBean - Mapping filter: 'characterEncodingFilter' to: [/*]
09:20:58.409 [localhost-startStop-1] INFO  o.s.b.w.s.FilterRegistrationBean - Mapping filter: 'hiddenHttpMethodFilter' to: [/*]
09:20:58.409 [localhost-startStop-1] INFO  o.s.b.w.s.FilterRegistrationBean - Mapping filter: 'httpPutFormContentFilter' to: [/*]
09:20:58.409 [localhost-startStop-1] INFO  o.s.b.w.s.FilterRegistrationBean - Mapping filter: 'requestContextFilter' to: [/*]
09:20:59.005 [restartedMain] INFO  o.s.w.s.h.SimpleUrlHandlerMapping - Mapped URL path [/**/favicon.ico] onto handler of type [class org.springframework.web.servlet.resource.ResourceHttpRequestHandler]
09:20:59.180 [restartedMain] INFO  o.s.w.s.m.m.a.RequestMappingHandlerAdapter - Looking for @ControllerAdvice: org.springframework.boot.web.servlet.context.AnnotationConfigServletWebServerApplicationContext@349f9b32: startup date [Tue Oct 09 09:20:56 CST 2018]; root of context hierarchy
09:20:59.242 [restartedMain] INFO  o.s.w.s.m.m.a.RequestMappingHandlerMapping - Mapped "{[/find],methods=[GET]}" onto public java.lang.String com.example.demo.HelloWorldController.find()
09:20:59.243 [restartedMain] INFO  o.s.w.s.m.m.a.RequestMappingHandlerMapping - Mapped "{[/hello/{id}],methods=[GET]}" onto public java.lang.String com.example.demo.HelloWorldController.hello(java.lang.String)
09:20:59.244 [restartedMain] INFO  o.s.w.s.m.m.a.RequestMappingHandlerMapping - Mapped "{[/find/{id}],methods=[GET]}" onto public java.lang.String com.example.demo.HelloWorldController.findById(java.lang.Integer)
09:20:59.246 [restartedMain] INFO  o.s.w.s.m.m.a.RequestMappingHandlerMapping - Mapped "{[/error]}" onto public org.springframework.http.ResponseEntity<java.util.Map<java.lang.String, java.lang.Object>> org.springframework.boot.autoconfigure.web.servlet.error.BasicErrorController.error(javax.servlet.http.HttpServletRequest)
09:20:59.247 [restartedMain] INFO  o.s.w.s.m.m.a.RequestMappingHandlerMapping - Mapped "{[/error],produces=[text/html]}" onto public org.springframework.web.servlet.ModelAndView org.springframework.boot.autoconfigure.web.servlet.error.BasicErrorController.errorHtml(javax.servlet.http.HttpServletRequest,javax.servlet.http.HttpServletResponse)
09:20:59.271 [restartedMain] INFO  o.s.w.s.h.SimpleUrlHandlerMapping - Mapped URL path [/webjars/**] onto handler of type [class org.springframework.web.servlet.resource.ResourceHttpRequestHandler]
09:20:59.271 [restartedMain] INFO  o.s.w.s.h.SimpleUrlHandlerMapping - Mapped URL path [/**] onto handler of type [class org.springframework.web.servlet.resource.ResourceHttpRequestHandler]
09:20:59.668 [restartedMain] INFO  o.s.b.d.a.OptionalLiveReloadServer - LiveReload server is running on port 35729
09:20:59.697 [restartedMain] INFO  o.s.j.e.a.AnnotationMBeanExporter - Registering beans for JMX exposure on startup
09:20:59.698 [restartedMain] INFO  o.s.j.e.a.AnnotationMBeanExporter - Bean with name 'dataSource' has been autodetected for JMX exposure
09:20:59.702 [restartedMain] INFO  o.s.j.e.a.AnnotationMBeanExporter - Located MBean 'dataSource': registering with JMX server as MBean [com.zaxxer.hikari:name=dataSource,type=HikariDataSource]
09:20:59.706 [restartedMain] INFO  o.s.c.s.DefaultLifecycleProcessor - Starting beans in phase 2147483647
09:20:59.712 [restartedMain] INFO  o.a.coyote.http11.Http11NioProtocol - Starting ProtocolHandler ["http-nio-8080"]
09:20:59.719 [restartedMain] INFO  o.a.tomcat.util.net.NioSelectorPool - Using a shared selector for servlet write/read
09:20:59.742 [restartedMain] INFO  o.s.b.w.e.tomcat.TomcatWebServer - Tomcat started on port(s): 8080 (http) with context path ''
09:20:59.745 [restartedMain] INFO  c.e.demo.SpringBootDemoApplication - Started SpringBootDemoApplication in 4.335 seconds (JVM running for 6.165)
09:57:43.794 [http-nio-8080-exec-1] INFO  o.a.c.c.C.[Tomcat].[localhost].[/] - Initializing Spring FrameworkServlet 'dispatcherServlet'
09:57:43.794 [http-nio-8080-exec-1] INFO  o.s.web.servlet.DispatcherServlet - FrameworkServlet 'dispatcherServlet': initialization started
09:57:43.821 [http-nio-8080-exec-1] INFO  o.s.web.servlet.DispatcherServlet - FrameworkServlet 'dispatcherServlet': initialization completed in 27 ms
17:28:15.102 [http-nio-8080-exec-7] WARN  o.s.w.s.m.s.DefaultHandlerExceptionResolver - Resolved exception caused by Handler execution: org.springframework.web.HttpMediaTypeNotAcceptableException: Could not find acceptable representation
17:28:15.102 [http-nio-8080-exec-4] WARN  o.s.w.s.m.s.DefaultHandlerExceptionResolver - Resolved exception caused by Handler execution: org.springframework.web.HttpMediaTypeNotAcceptableException: Could not find acceptable representation
17:28:15.102 [http-nio-8080-exec-5] WARN  o.s.w.s.m.s.DefaultHandlerExceptionResolver - Resolved exception caused by Handler execution: org.springframework.web.HttpMediaTypeNotAcceptableException: Could not find acceptable representation
17:28:15.102 [http-nio-8080-exec-3] WARN  o.s.w.s.m.s.DefaultHandlerExceptionResolver - Resolved exception caused by Handler execution: org.springframework.web.HttpMediaTypeNotAcceptableException: Could not find acceptable representation
17:28:15.114 [http-nio-8080-exec-8] WARN  o.s.w.s.m.s.DefaultHandlerExceptionResolver - Resolved exception caused by Handler execution: org.springframework.web.HttpMediaTypeNotAcceptableException: Could not find acceptable representation
17:28:15.114 [http-nio-8080-exec-6] WARN  o.s.w.s.m.s.DefaultHandlerExceptionResolver - Resolved exception caused by Handler execution: org.springframework.web.HttpMediaTypeNotAcceptableException: Could not find acceptable representation
17:28:32.652 [http-nio-8080-exec-2] WARN  o.s.w.s.m.s.DefaultHandlerExceptionResolver - Resolved exception caused by Handler execution: org.springframework.web.HttpMediaTypeNotAcceptableException: Could not find acceptable representation
17:28:32.653 [http-nio-8080-exec-1] WARN  o.s.w.s.m.s.DefaultHandlerExceptionResolver - Resolved exception caused by Handler execution: org.springframework.web.HttpMediaTypeNotAcceptableException: Could not find acceptable representation
17:28:32.660 [http-nio-8080-exec-9] WARN  o.s.w.s.m.s.DefaultHandlerExceptionResolver - Resolved exception caused by Handler execution: org.springframework.web.HttpMediaTypeNotAcceptableException: Could not find acceptable representation
17:28:32.664 [http-nio-8080-exec-1] WARN  o.s.w.s.m.s.DefaultHandlerExceptionResolver - Resolved exception caused by Handler execution: org.springframework.web.HttpMediaTypeNotAcceptableException: Could not find acceptable representation
17:28:32.666 [http-nio-8080-exec-9] WARN  o.s.w.s.m.s.DefaultHandlerExceptionResolver - Resolved exception caused by Handler execution: org.springframework.web.HttpMediaTypeNotAcceptableException: Could not find acceptable representation
17:28:32.666 [http-nio-8080-exec-10] WARN  o.s.w.s.m.s.DefaultHandlerExceptionResolver - Resolved exception caused by Handler execution: org.springframework.web.HttpMediaTypeNotAcceptableException: Could not find acceptable representation
17:30:48.494 [http-nio-8080-exec-2] WARN  o.s.w.s.m.s.DefaultHandlerExceptionResolver - Resolved exception caused by Handler execution: org.springframework.web.HttpMediaTypeNotAcceptableException: Could not find acceptable representation
17:30:48.506 [http-nio-8080-exec-7] WARN  o.s.w.s.m.s.DefaultHandlerExceptionResolver - Resolved exception caused by Handler execution: org.springframework.web.HttpMediaTypeNotAcceptableException: Could not find acceptable representation
17:30:48.518 [http-nio-8080-exec-5] WARN  o.s.w.s.m.s.DefaultHandlerExceptionResolver - Resolved exception caused by Handler execution: org.springframework.web.HttpMediaTypeNotAcceptableException: Could not find acceptable representation
17:30:51.465 [http-nio-8080-exec-1] WARN  o.s.w.s.m.s.DefaultHandlerExceptionResolver - Resolved exception caused by Handler execution: org.springframework.web.HttpMediaTypeNotAcceptableException: Could not find acceptable representation
17:30:51.466 [http-nio-8080-exec-9] WARN  o.s.w.s.m.s.DefaultHandlerExceptionResolver - Resolved exception caused by Handler execution: org.springframework.web.HttpMediaTypeNotAcceptableException: Could not find acceptable representation
17:30:51.473 [http-nio-8080-exec-10] WARN  o.s.w.s.m.s.DefaultHandlerExceptionResolver - Resolved exception caused by Handler execution: org.springframework.web.HttpMediaTypeNotAcceptableException: Could not find acceptable representation
17:32:06.727 [http-nio-8080-exec-2] WARN  o.s.w.s.m.s.DefaultHandlerExceptionResolver - Resolved exception caused by Handler execution: org.springframework.web.HttpMediaTypeNotAcceptableException: Could not find acceptable representation
17:32:06.738 [http-nio-8080-exec-7] WARN  o.s.w.s.m.s.DefaultHandlerExceptionResolver - Resolved exception caused by Handler execution: org.springframework.web.HttpMediaTypeNotAcceptableException: Could not find acceptable representation
17:32:06.747 [http-nio-8080-exec-5] WARN  o.s.w.s.m.s.DefaultHandlerExceptionResolver - Resolved exception caused by Handler execution: org.springframework.web.HttpMediaTypeNotAcceptableException: Could not find acceptable representation
17:32:09.702 [http-nio-8080-exec-1] WARN  o.s.w.s.m.s.DefaultHandlerExceptionResolver - Resolved exception caused by Handler execution: org.springframework.web.HttpMediaTypeNotAcceptableException: Could not find acceptable representation
17:32:09.702 [http-nio-8080-exec-10] WARN  o.s.w.s.m.s.DefaultHandlerExceptionResolver - Resolved exception caused by Handler execution: org.springframework.web.HttpMediaTypeNotAcceptableException: Could not find acceptable representation
17:32:09.705 [http-nio-8080-exec-9] WARN  o.s.w.s.m.s.DefaultHandlerExceptionResolver - Resolved exception caused by Handler execution: org.springframework.web.HttpMediaTypeNotAcceptableException: Could not find acceptable representation
17:32:36.287 [http-nio-8080-exec-4] WARN  o.s.w.s.m.s.DefaultHandlerExceptionResolver - Resolved exception caused by Handler execution: org.springframework.web.HttpMediaTypeNotAcceptableException: Could not find acceptable representation
17:32:36.291 [http-nio-8080-exec-3] WARN  o.s.w.s.m.s.DefaultHandlerExceptionResolver - Resolved exception caused by Handler execution: org.springframework.web.HttpMediaTypeNotAcceptableException: Could not find acceptable representation
17:32:36.292 [http-nio-8080-exec-6] WARN  o.s.w.s.m.s.DefaultHandlerExceptionResolver - Resolved exception caused by Handler execution: org.springframework.web.HttpMediaTypeNotAcceptableException: Could not find acceptable representation
17:32:36.296 [http-nio-8080-exec-2] WARN  o.s.w.s.m.s.DefaultHandlerExceptionResolver - Resolved exception caused by Handler execution: org.springframework.web.HttpMediaTypeNotAcceptableException: Could not find acceptable representation
17:32:36.301 [http-nio-8080-exec-8] WARN  o.s.w.s.m.s.DefaultHandlerExceptionResolver - Resolved exception caused by Handler execution: org.springframework.web.HttpMediaTypeNotAcceptableException: Could not find acceptable representation
17:32:36.301 [http-nio-8080-exec-2] WARN  o.s.w.s.m.s.DefaultHandlerExceptionResolver - Resolved exception caused by Handler execution: org.springframework.web.HttpMediaTypeNotAcceptableException: Could not find acceptable representation
17:36:10.647 [http-nio-8080-exec-4] WARN  o.s.w.s.m.s.DefaultHandlerExceptionResolver - Resolved exception caused by Handler execution: org.springframework.web.HttpMediaTypeNotAcceptableException: Could not find acceptable representation
17:36:10.657 [http-nio-8080-exec-3] WARN  o.s.w.s.m.s.DefaultHandlerExceptionResolver - Resolved exception caused by Handler execution: org.springframework.web.HttpMediaTypeNotAcceptableException: Could not find acceptable representation
17:36:10.667 [http-nio-8080-exec-7] WARN  o.s.w.s.m.s.DefaultHandlerExceptionResolver - Resolved exception caused by Handler execution: org.springframework.web.HttpMediaTypeNotAcceptableException: Could not find acceptable representation
17:36:13.660 [http-nio-8080-exec-2] WARN  o.s.w.s.m.s.DefaultHandlerExceptionResolver - Resolved exception caused by Handler execution: org.springframework.web.HttpMediaTypeNotAcceptableException: Could not find acceptable representation
17:36:13.660 [http-nio-8080-exec-6] WARN  o.s.w.s.m.s.DefaultHandlerExceptionResolver - Resolved exception caused by Handler execution: org.springframework.web.HttpMediaTypeNotAcceptableException: Could not find acceptable representation
17:36:13.660 [http-nio-8080-exec-8] WARN  o.s.w.s.m.s.DefaultHandlerExceptionResolver - Resolved exception caused by Handler execution: org.springframework.web.HttpMediaTypeNotAcceptableException: Could not find acceptable representation
17:37:36.279 [http-nio-8080-exec-3] WARN  o.s.w.s.m.s.DefaultHandlerExceptionResolver - Resolved exception caused by Handler execution: org.springframework.web.HttpMediaTypeNotAcceptableException: Could not find acceptable representation
17:37:36.283 [http-nio-8080-exec-7] WARN  o.s.w.s.m.s.DefaultHandlerExceptionResolver - Resolved exception caused by Handler execution: org.springframework.web.HttpMediaTypeNotAcceptableException: Could not find acceptable representation
17:37:36.287 [http-nio-8080-exec-3] WARN  o.s.w.s.m.s.DefaultHandlerExceptionResolver - Resolved exception caused by Handler execution: org.springframework.web.HttpMediaTypeNotAcceptableException: Could not find acceptable representation
17:37:36.288 [http-nio-8080-exec-4] WARN  o.s.w.s.m.s.DefaultHandlerExceptionResolver - Resolved exception caused by Handler execution: org.springframework.web.HttpMediaTypeNotAcceptableException: Could not find acceptable representation
17:37:36.292 [http-nio-8080-exec-3] WARN  o.s.w.s.m.s.DefaultHandlerExceptionResolver - Resolved exception caused by Handler execution: org.springframework.web.HttpMediaTypeNotAcceptableException: Could not find acceptable representation
17:37:36.293 [http-nio-8080-exec-4] WARN  o.s.w.s.m.s.DefaultHandlerExceptionResolver - Resolved exception caused by Handler execution: org.springframework.web.HttpMediaTypeNotAcceptableException: Could not find acceptable representation
17:40:41.392 [http-nio-8080-exec-7] WARN  o.s.w.s.m.s.DefaultHandlerExceptionResolver - Resolved exception caused by Handler execution: org.springframework.web.HttpMediaTypeNotAcceptableException: Could not find acceptable representation
17:40:41.400 [http-nio-8080-exec-2] WARN  o.s.w.s.m.s.DefaultHandlerExceptionResolver - Resolved exception caused by Handler execution: org.springframework.web.HttpMediaTypeNotAcceptableException: Could not find acceptable representation
17:40:41.409 [http-nio-8080-exec-6] WARN  o.s.w.s.m.s.DefaultHandlerExceptionResolver - Resolved exception caused by Handler execution: org.springframework.web.HttpMediaTypeNotAcceptableException: Could not find acceptable representation
17:40:44.361 [http-nio-8080-exec-4] WARN  o.s.w.s.m.s.DefaultHandlerExceptionResolver - Resolved exception caused by Handler execution: org.springframework.web.HttpMediaTypeNotAcceptableException: Could not find acceptable representation
17:40:44.362 [http-nio-8080-exec-8] WARN  o.s.w.s.m.s.DefaultHandlerExceptionResolver - Resolved exception caused by Handler execution: org.springframework.web.HttpMediaTypeNotAcceptableException: Could not find acceptable representation
17:40:44.363 [http-nio-8080-exec-3] WARN  o.s.w.s.m.s.DefaultHandlerExceptionResolver - Resolved exception caused by Handler execution: org.springframework.web.HttpMediaTypeNotAcceptableException: Could not find acceptable representation
17:49:23.133 [http-nio-8080-exec-7] WARN  o.s.w.s.m.s.DefaultHandlerExceptionResolver - Resolved exception caused by Handler execution: org.springframework.web.HttpMediaTypeNotAcceptableException: Could not find acceptable representation
17:49:23.145 [http-nio-8080-exec-2] WARN  o.s.w.s.m.s.DefaultHandlerExceptionResolver - Resolved exception caused by Handler execution: org.springframework.web.HttpMediaTypeNotAcceptableException: Could not find acceptable representation
17:49:23.153 [http-nio-8080-exec-6] WARN  o.s.w.s.m.s.DefaultHandlerExceptionResolver - Resolved exception caused by Handler execution: org.springframework.web.HttpMediaTypeNotAcceptableException: Could not find acceptable representation
17:49:26.095 [http-nio-8080-exec-3] WARN  o.s.w.s.m.s.DefaultHandlerExceptionResolver - Resolved exception caused by Handler execution: org.springframework.web.HttpMediaTypeNotAcceptableException: Could not find acceptable representation
17:49:26.095 [http-nio-8080-exec-4] WARN  o.s.w.s.m.s.DefaultHandlerExceptionResolver - Resolved exception caused by Handler execution: org.springframework.web.HttpMediaTypeNotAcceptableException: Could not find acceptable representation
17:49:26.098 [http-nio-8080-exec-8] WARN  o.s.w.s.m.s.DefaultHandlerExceptionResolver - Resolved exception caused by Handler execution: org.springframework.web.HttpMediaTypeNotAcceptableException: Could not find acceptable representation
17:51:48.125 [http-nio-8080-exec-7] WARN  o.s.w.s.m.s.DefaultHandlerExceptionResolver - Resolved exception caused by Handler execution: org.springframework.web.HttpMediaTypeNotAcceptableException: Could not find acceptable representation
17:51:48.130 [http-nio-8080-exec-2] WARN  o.s.w.s.m.s.DefaultHandlerExceptionResolver - Resolved exception caused by Handler execution: org.springframework.web.HttpMediaTypeNotAcceptableException: Could not find acceptable representation
17:51:48.137 [http-nio-8080-exec-6] WARN  o.s.w.s.m.s.DefaultHandlerExceptionResolver - Resolved exception caused by Handler execution: org.springframework.web.HttpMediaTypeNotAcceptableException: Could not find acceptable representation
17:51:51.106 [http-nio-8080-exec-4] WARN  o.s.w.s.m.s.DefaultHandlerExceptionResolver - Resolved exception caused by Handler execution: org.springframework.web.HttpMediaTypeNotAcceptableException: Could not find acceptable representation
17:51:51.106 [http-nio-8080-exec-3] WARN  o.s.w.s.m.s.DefaultHandlerExceptionResolver - Resolved exception caused by Handler execution: org.springframework.web.HttpMediaTypeNotAcceptableException: Could not find acceptable representation
17:51:51.107 [http-nio-8080-exec-8] WARN  o.s.w.s.m.s.DefaultHandlerExceptionResolver - Resolved exception caused by Handler execution: org.springframework.web.HttpMediaTypeNotAcceptableException: Could not find acceptable representation
17:52:56.546 [http-nio-8080-exec-4] WARN  o.s.w.s.m.s.DefaultHandlerExceptionResolver - Resolved exception caused by Handler execution: org.springframework.web.HttpMediaTypeNotAcceptableException: Could not find acceptable representation
17:52:56.547 [http-nio-8080-exec-7] WARN  o.s.w.s.m.s.DefaultHandlerExceptionResolver - Resolved exception caused by Handler execution: org.springframework.web.HttpMediaTypeNotAcceptableException: Could not find acceptable representation
17:52:56.546 [http-nio-8080-exec-2] WARN  o.s.w.s.m.s.DefaultHandlerExceptionResolver - Resolved exception caused by Handler execution: org.springframework.web.HttpMediaTypeNotAcceptableException: Could not find acceptable representation
17:52:56.550 [http-nio-8080-exec-6] WARN  o.s.w.s.m.s.DefaultHandlerExceptionResolver - Resolved exception caused by Handler execution: org.springframework.web.HttpMediaTypeNotAcceptableException: Could not find acceptable representation
17:52:56.556 [http-nio-8080-exec-6] WARN  o.s.w.s.m.s.DefaultHandlerExceptionResolver - Resolved exception caused by Handler execution: org.springframework.web.HttpMediaTypeNotAcceptableException: Could not find acceptable representation
17:52:56.557 [http-nio-8080-exec-3] WARN  o.s.w.s.m.s.DefaultHandlerExceptionResolver - Resolved exception caused by Handler execution: org.springframework.web.HttpMediaTypeNotAcceptableException: Could not find acceptable representation
17:57:03.221 [http-nio-8080-exec-4] WARN  o.s.w.s.m.s.DefaultHandlerExceptionResolver - Resolved exception caused by Handler execution: org.springframework.web.HttpMediaTypeNotAcceptableException: Could not find acceptable representation
17:57:03.231 [http-nio-8080-exec-7] WARN  o.s.w.s.m.s.DefaultHandlerExceptionResolver - Resolved exception caused by Handler execution: org.springframework.web.HttpMediaTypeNotAcceptableException: Could not find acceptable representation
17:57:03.240 [http-nio-8080-exec-2] WARN  o.s.w.s.m.s.DefaultHandlerExceptionResolver - Resolved exception caused by Handler execution: org.springframework.web.HttpMediaTypeNotAcceptableException: Could not find acceptable representation
17:57:06.191 [http-nio-8080-exec-8] WARN  o.s.w.s.m.s.DefaultHandlerExceptionResolver - Resolved exception caused by Handler execution: org.springframework.web.HttpMediaTypeNotAcceptableException: Could not find acceptable representation
17:57:06.192 [http-nio-8080-exec-3] WARN  o.s.w.s.m.s.DefaultHandlerExceptionResolver - Resolved exception caused by Handler execution: org.springframework.web.HttpMediaTypeNotAcceptableException: Could not find acceptable representation
17:57:06.193 [http-nio-8080-exec-6] WARN  o.s.w.s.m.s.DefaultHandlerExceptionResolver - Resolved exception caused by Handler execution: org.springframework.web.HttpMediaTypeNotAcceptableException: Could not find acceptable representation
17:58:41.320 [http-nio-8080-exec-4] WARN  o.s.w.s.m.s.DefaultHandlerExceptionResolver - Resolved exception caused by Handler execution: org.springframework.web.HttpMediaTypeNotAcceptableException: Could not find acceptable representation
17:58:41.331 [http-nio-8080-exec-7] WARN  o.s.w.s.m.s.DefaultHandlerExceptionResolver - Resolved exception caused by Handler execution: org.springframework.web.HttpMediaTypeNotAcceptableException: Could not find acceptable representation
17:58:41.342 [http-nio-8080-exec-2] WARN  o.s.w.s.m.s.DefaultHandlerExceptionResolver - Resolved exception caused by Handler execution: org.springframework.web.HttpMediaTypeNotAcceptableException: Could not find acceptable representation
17:58:44.288 [http-nio-8080-exec-8] WARN  o.s.w.s.m.s.DefaultHandlerExceptionResolver - Resolved exception caused by Handler execution: org.springframework.web.HttpMediaTypeNotAcceptableException: Could not find acceptable representation
17:58:44.288 [http-nio-8080-exec-3] WARN  o.s.w.s.m.s.DefaultHandlerExceptionResolver - Resolved exception caused by Handler execution: org.springframework.web.HttpMediaTypeNotAcceptableException: Could not find acceptable representation
17:58:44.295 [http-nio-8080-exec-6] WARN  o.s.w.s.m.s.DefaultHandlerExceptionResolver - Resolved exception caused by Handler execution: org.springframework.web.HttpMediaTypeNotAcceptableException: Could not find acceptable representation
18:00:22.161 [http-nio-8080-exec-2] WARN  o.s.w.s.m.s.DefaultHandlerExceptionResolver - Resolved exception caused by Handler execution: org.springframework.web.HttpMediaTypeNotAcceptableException: Could not find acceptable representation
18:00:22.161 [http-nio-8080-exec-4] WARN  o.s.w.s.m.s.DefaultHandlerExceptionResolver - Resolved exception caused by Handler execution: org.springframework.web.HttpMediaTypeNotAcceptableException: Could not find acceptable representation
18:00:22.163 [http-nio-8080-exec-7] WARN  o.s.w.s.m.s.DefaultHandlerExceptionResolver - Resolved exception caused by Handler execution: org.springframework.web.HttpMediaTypeNotAcceptableException: Could not find acceptable representation
18:00:22.165 [http-nio-8080-exec-8] WARN  o.s.w.s.m.s.DefaultHandlerExceptionResolver - Resolved exception caused by Handler execution: org.springframework.web.HttpMediaTypeNotAcceptableException: Could not find acceptable representation
18:00:22.171 [http-nio-8080-exec-3] WARN  o.s.w.s.m.s.DefaultHandlerExceptionResolver - Resolved exception caused by Handler execution: org.springframework.web.HttpMediaTypeNotAcceptableException: Could not find acceptable representation
18:00:22.175 [http-nio-8080-exec-6] WARN  o.s.w.s.m.s.DefaultHandlerExceptionResolver - Resolved exception caused by Handler execution: org.springframework.web.HttpMediaTypeNotAcceptableException: Could not find acceptable representation
18:06:53.220 [http-nio-8080-exec-2] WARN  o.s.w.s.m.s.DefaultHandlerExceptionResolver - Resolved exception caused by Handler execution: org.springframework.web.HttpMediaTypeNotAcceptableException: Could not find acceptable representation
18:06:53.220 [http-nio-8080-exec-4] WARN  o.s.w.s.m.s.DefaultHandlerExceptionResolver - Resolved exception caused by Handler execution: org.springframework.web.HttpMediaTypeNotAcceptableException: Could not find acceptable representation
18:06:53.220 [http-nio-8080-exec-7] WARN  o.s.w.s.m.s.DefaultHandlerExceptionResolver - Resolved exception caused by Handler execution: org.springframework.web.HttpMediaTypeNotAcceptableException: Could not find acceptable representation
18:06:53.225 [http-nio-8080-exec-8] WARN  o.s.w.s.m.s.DefaultHandlerExceptionResolver - Resolved exception caused by Handler execution: org.springframework.web.HttpMediaTypeNotAcceptableException: Could not find acceptable representation
18:06:53.232 [http-nio-8080-exec-3] WARN  o.s.w.s.m.s.DefaultHandlerExceptionResolver - Resolved exception caused by Handler execution: org.springframework.web.HttpMediaTypeNotAcceptableException: Could not find acceptable representation
18:06:53.233 [http-nio-8080-exec-6] WARN  o.s.w.s.m.s.DefaultHandlerExceptionResolver - Resolved exception caused by Handler execution: org.springframework.web.HttpMediaTypeNotAcceptableException: Could not find acceptable representation
18:08:28.796 [http-nio-8080-exec-7] WARN  o.s.w.s.m.s.DefaultHandlerExceptionResolver - Resolved exception caused by Handler execution: org.springframework.web.HttpMediaTypeNotAcceptableException: Could not find acceptable representation
18:08:28.805 [http-nio-8080-exec-2] WARN  o.s.w.s.m.s.DefaultHandlerExceptionResolver - Resolved exception caused by Handler execution: org.springframework.web.HttpMediaTypeNotAcceptableException: Could not find acceptable representation
18:08:28.814 [http-nio-8080-exec-4] WARN  o.s.w.s.m.s.DefaultHandlerExceptionResolver - Resolved exception caused by Handler execution: org.springframework.web.HttpMediaTypeNotAcceptableException: Could not find acceptable representation
18:08:31.865 [http-nio-8080-exec-3] WARN  o.s.w.s.m.s.DefaultHandlerExceptionResolver - Resolved exception caused by Handler execution: org.springframework.web.HttpMediaTypeNotAcceptableException: Could not find acceptable representation
18:08:31.865 [http-nio-8080-exec-8] WARN  o.s.w.s.m.s.DefaultHandlerExceptionResolver - Resolved exception caused by Handler execution: org.springframework.web.HttpMediaTypeNotAcceptableException: Could not find acceptable representation
18:08:31.867 [http-nio-8080-exec-3] WARN  o.s.w.s.m.s.DefaultHandlerExceptionResolver - Resolved exception caused by Handler execution: org.springframework.web.HttpMediaTypeNotAcceptableException: Could not find acceptable representation
18:09:05.636 [http-nio-8080-exec-2] WARN  o.s.w.s.m.s.DefaultHandlerExceptionResolver - Resolved exception caused by Handler execution: org.springframework.web.HttpMediaTypeNotAcceptableException: Could not find acceptable representation
18:09:05.636 [http-nio-8080-exec-4] WARN  o.s.w.s.m.s.DefaultHandlerExceptionResolver - Resolved exception caused by Handler execution: org.springframework.web.HttpMediaTypeNotAcceptableException: Could not find acceptable representation
18:09:05.641 [http-nio-8080-exec-7] WARN  o.s.w.s.m.s.DefaultHandlerExceptionResolver - Resolved exception caused by Handler execution: org.springframework.web.HttpMediaTypeNotAcceptableException: Could not find acceptable representation
18:09:05.649 [http-nio-8080-exec-8] WARN  o.s.w.s.m.s.DefaultHandlerExceptionResolver - Resolved exception caused by Handler execution: org.springframework.web.HttpMediaTypeNotAcceptableException: Could not find acceptable representation
18:09:05.656 [http-nio-8080-exec-3] WARN  o.s.w.s.m.s.DefaultHandlerExceptionResolver - Resolved exception caused by Handler execution: org.springframework.web.HttpMediaTypeNotAcceptableException: Could not find acceptable representation
18:09:05.656 [http-nio-8080-exec-6] WARN  o.s.w.s.m.s.DefaultHandlerExceptionResolver - Resolved exception caused by Handler execution: org.springframework.web.HttpMediaTypeNotAcceptableException: Could not find acceptable representation
18:13:00.777 [http-nio-8080-exec-4] WARN  o.s.w.s.m.s.DefaultHandlerExceptionResolver - Resolved exception caused by Handler execution: org.springframework.web.HttpMediaTypeNotAcceptableException: Could not find acceptable representation
18:13:00.788 [http-nio-8080-exec-2] WARN  o.s.w.s.m.s.DefaultHandlerExceptionResolver - Resolved exception caused by Handler execution: org.springframework.web.HttpMediaTypeNotAcceptableException: Could not find acceptable representation
18:13:00.801 [http-nio-8080-exec-7] WARN  o.s.w.s.m.s.DefaultHandlerExceptionResolver - Resolved exception caused by Handler execution: org.springframework.web.HttpMediaTypeNotAcceptableException: Could not find acceptable representation
18:13:03.739 [http-nio-8080-exec-6] WARN  o.s.w.s.m.s.DefaultHandlerExceptionResolver - Resolved exception caused by Handler execution: org.springframework.web.HttpMediaTypeNotAcceptableException: Could not find acceptable representation
18:13:03.740 [http-nio-8080-exec-3] WARN  o.s.w.s.m.s.DefaultHandlerExceptionResolver - Resolved exception caused by Handler execution: org.springframework.web.HttpMediaTypeNotAcceptableException: Could not find acceptable representation
18:13:03.742 [http-nio-8080-exec-8] WARN  o.s.w.s.m.s.DefaultHandlerExceptionResolver - Resolved exception caused by Handler execution: org.springframework.web.HttpMediaTypeNotAcceptableException: Could not find acceptable representation
18:19:25.293 [http-nio-8080-exec-6] WARN  o.s.w.s.m.s.DefaultHandlerExceptionResolver - Resolved exception caused by Handler execution: org.springframework.web.HttpMediaTypeNotAcceptableException: Could not find acceptable representation
18:19:28.258 [http-nio-8080-exec-3] WARN  o.s.w.s.m.s.DefaultHandlerExceptionResolver - Resolved exception caused by Handler execution: org.springframework.web.HttpMediaTypeNotAcceptableException: Could not find acceptable representation
18:22:29.102 [http-nio-8080-exec-1] WARN  o.s.w.s.m.s.DefaultHandlerExceptionResolver - Resolved exception caused by Handler execution: org.springframework.web.HttpMediaTypeNotAcceptableException: Could not find acceptable representation
18:22:32.069 [http-nio-8080-exec-5] WARN  o.s.w.s.m.s.DefaultHandlerExceptionResolver - Resolved exception caused by Handler execution: org.springframework.web.HttpMediaTypeNotAcceptableException: Could not find acceptable representation
18:22:32.069 [http-nio-8080-exec-9] WARN  o.s.w.s.m.s.DefaultHandlerExceptionResolver - Resolved exception caused by Handler execution: org.springframework.web.HttpMediaTypeNotAcceptableException: Could not find acceptable representation
18:23:18.561 [http-nio-8080-exec-6] WARN  o.s.w.s.m.s.DefaultHandlerExceptionResolver - Resolved exception caused by Handler execution: org.springframework.web.HttpMediaTypeNotAcceptableException: Could not find acceptable representation
18:23:18.567 [http-nio-8080-exec-3] WARN  o.s.w.s.m.s.DefaultHandlerExceptionResolver - Resolved exception caused by Handler execution: org.springframework.web.HttpMediaTypeNotAcceptableException: Could not find acceptable representation
18:23:18.568 [http-nio-8080-exec-10] WARN  o.s.w.s.m.s.DefaultHandlerExceptionResolver - Resolved exception caused by Handler execution: org.springframework.web.HttpMediaTypeNotAcceptableException: Could not find acceptable representation
18:23:18.571 [http-nio-8080-exec-8] WARN  o.s.w.s.m.s.DefaultHandlerExceptionResolver - Resolved exception caused by Handler execution: org.springframework.web.HttpMediaTypeNotAcceptableException: Could not find acceptable representation
18:23:18.576 [http-nio-8080-exec-3] WARN  o.s.w.s.m.s.DefaultHandlerExceptionResolver - Resolved exception caused by Handler execution: org.springframework.web.HttpMediaTypeNotAcceptableException: Could not find acceptable representation
18:23:18.578 [http-nio-8080-exec-8] WARN  o.s.w.s.m.s.DefaultHandlerExceptionResolver - Resolved exception caused by Handler execution: org.springframework.web.HttpMediaTypeNotAcceptableException: Could not find acceptable representation
18:23:23.933 [http-nio-8080-exec-9] WARN  o.s.w.s.m.s.DefaultHandlerExceptionResolver - Resolved exception caused by Handler execution: org.springframework.web.HttpMediaTypeNotAcceptableException: Could not find acceptable representation
18:23:23.933 [http-nio-8080-exec-4] WARN  o.s.w.s.m.s.DefaultHandlerExceptionResolver - Resolved exception caused by Handler execution: org.springframework.web.HttpMediaTypeNotAcceptableException: Could not find acceptable representation
18:23:23.934 [http-nio-8080-exec-2] WARN  o.s.w.s.m.s.DefaultHandlerExceptionResolver - Resolved exception caused by Handler execution: org.springframework.web.HttpMediaTypeNotAcceptableException: Could not find acceptable representation
18:23:23.937 [http-nio-8080-exec-7] WARN  o.s.w.s.m.s.DefaultHandlerExceptionResolver - Resolved exception caused by Handler execution: org.springframework.web.HttpMediaTypeNotAcceptableException: Could not find acceptable representation
18:23:23.945 [http-nio-8080-exec-10] WARN  o.s.w.s.m.s.DefaultHandlerExceptionResolver - Resolved exception caused by Handler execution: org.springframework.web.HttpMediaTypeNotAcceptableException: Could not find acceptable representation
18:23:23.948 [http-nio-8080-exec-6] WARN  o.s.w.s.m.s.DefaultHandlerExceptionResolver - Resolved exception caused by Handler execution: org.springframework.web.HttpMediaTypeNotAcceptableException: Could not find acceptable representation
18:23:27.689 [http-nio-8080-exec-5] WARN  o.s.w.s.m.s.DefaultHandlerExceptionResolver - Resolved exception caused by Handler execution: org.springframework.web.HttpMediaTypeNotAcceptableException: Could not find acceptable representation
18:23:27.689 [http-nio-8080-exec-3] WARN  o.s.w.s.m.s.DefaultHandlerExceptionResolver - Resolved exception caused by Handler execution: org.springframework.web.HttpMediaTypeNotAcceptableException: Could not find acceptable representation
18:23:27.689 [http-nio-8080-exec-8] WARN  o.s.w.s.m.s.DefaultHandlerExceptionResolver - Resolved exception caused by Handler execution: org.springframework.web.HttpMediaTypeNotAcceptableException: Could not find acceptable representation
18:23:27.694 [http-nio-8080-exec-1] WARN  o.s.w.s.m.s.DefaultHandlerExceptionResolver - Resolved exception caused by Handler execution: org.springframework.web.HttpMediaTypeNotAcceptableException: Could not find acceptable representation
18:23:27.704 [http-nio-8080-exec-9] WARN  o.s.w.s.m.s.DefaultHandlerExceptionResolver - Resolved exception caused by Handler execution: org.springframework.web.HttpMediaTypeNotAcceptableException: Could not find acceptable representation
18:23:27.704 [http-nio-8080-exec-4] WARN  o.s.w.s.m.s.DefaultHandlerExceptionResolver - Resolved exception caused by Handler execution: org.springframework.web.HttpMediaTypeNotAcceptableException: Could not find acceptable representation
18:23:29.634 [http-nio-8080-exec-6] WARN  o.s.w.s.m.s.DefaultHandlerExceptionResolver - Resolved exception caused by Handler execution: org.springframework.web.HttpMediaTypeNotAcceptableException: Could not find acceptable representation
18:23:29.634 [http-nio-8080-exec-7] WARN  o.s.w.s.m.s.DefaultHandlerExceptionResolver - Resolved exception caused by Handler execution: org.springframework.web.HttpMediaTypeNotAcceptableException: Could not find acceptable representation
18:23:29.635 [http-nio-8080-exec-2] WARN  o.s.w.s.m.s.DefaultHandlerExceptionResolver - Resolved exception caused by Handler execution: org.springframework.web.HttpMediaTypeNotAcceptableException: Could not find acceptable representation
18:23:29.637 [http-nio-8080-exec-10] WARN  o.s.w.s.m.s.DefaultHandlerExceptionResolver - Resolved exception caused by Handler execution: org.springframework.web.HttpMediaTypeNotAcceptableException: Could not find acceptable representation
18:23:29.645 [http-nio-8080-exec-5] WARN  o.s.w.s.m.s.DefaultHandlerExceptionResolver - Resolved exception caused by Handler execution: org.springframework.web.HttpMediaTypeNotAcceptableException: Could not find acceptable representation
18:23:29.646 [http-nio-8080-exec-3] WARN  o.s.w.s.m.s.DefaultHandlerExceptionResolver - Resolved exception caused by Handler execution: org.springframework.web.HttpMediaTypeNotAcceptableException: Could not find acceptable representation
18:23:31.589 [http-nio-8080-exec-1] WARN  o.s.w.s.m.s.DefaultHandlerExceptionResolver - Resolved exception caused by Handler execution: org.springframework.web.HttpMediaTypeNotAcceptableException: Could not find acceptable representation
18:23:31.589 [http-nio-8080-exec-8] WARN  o.s.w.s.m.s.DefaultHandlerExceptionResolver - Resolved exception caused by Handler execution: org.springframework.web.HttpMediaTypeNotAcceptableException: Could not find acceptable representation
18:23:31.589 [http-nio-8080-exec-9] WARN  o.s.w.s.m.s.DefaultHandlerExceptionResolver - Resolved exception caused by Handler execution: org.springframework.web.HttpMediaTypeNotAcceptableException: Could not find acceptable representation
18:23:31.595 [http-nio-8080-exec-4] WARN  o.s.w.s.m.s.DefaultHandlerExceptionResolver - Resolved exception caused by Handler execution: org.springframework.web.HttpMediaTypeNotAcceptableException: Could not find acceptable representation
18:23:31.602 [http-nio-8080-exec-6] WARN  o.s.w.s.m.s.DefaultHandlerExceptionResolver - Resolved exception caused by Handler execution: org.springframework.web.HttpMediaTypeNotAcceptableException: Could not find acceptable representation
18:23:31.602 [http-nio-8080-exec-7] WARN  o.s.w.s.m.s.DefaultHandlerExceptionResolver - Resolved exception caused by Handler execution: org.springframework.web.HttpMediaTypeNotAcceptableException: Could not find acceptable representation
18:23:33.589 [http-nio-8080-exec-10] WARN  o.s.w.s.m.s.DefaultHandlerExceptionResolver - Resolved exception caused by Handler execution: org.springframework.web.HttpMediaTypeNotAcceptableException: Could not find acceptable representation
18:23:33.589 [http-nio-8080-exec-3] WARN  o.s.w.s.m.s.DefaultHandlerExceptionResolver - Resolved exception caused by Handler execution: org.springframework.web.HttpMediaTypeNotAcceptableException: Could not find acceptable representation
18:23:33.590 [http-nio-8080-exec-5] WARN  o.s.w.s.m.s.DefaultHandlerExceptionResolver - Resolved exception caused by Handler execution: org.springframework.web.HttpMediaTypeNotAcceptableException: Could not find acceptable representation
18:23:33.590 [http-nio-8080-exec-2] WARN  o.s.w.s.m.s.DefaultHandlerExceptionResolver - Resolved exception caused by Handler execution: org.springframework.web.HttpMediaTypeNotAcceptableException: Could not find acceptable representation
18:23:33.601 [http-nio-8080-exec-8] WARN  o.s.w.s.m.s.DefaultHandlerExceptionResolver - Resolved exception caused by Handler execution: org.springframework.web.HttpMediaTypeNotAcceptableException: Could not find acceptable representation
18:23:33.601 [http-nio-8080-exec-9] WARN  o.s.w.s.m.s.DefaultHandlerExceptionResolver - Resolved exception caused by Handler execution: org.springframework.web.HttpMediaTypeNotAcceptableException: Could not find acceptable representation
18:23:34.823 [http-nio-8080-exec-4] WARN  o.s.w.s.m.s.DefaultHandlerExceptionResolver - Resolved exception caused by Handler execution: org.springframework.web.HttpMediaTypeNotAcceptableException: Could not find acceptable representation
18:23:35.391 [http-nio-8080-exec-1] WARN  o.s.w.s.m.s.DefaultHandlerExceptionResolver - Resolved exception caused by Handler execution: org.springframework.web.HttpMediaTypeNotAcceptableException: Could not find acceptable representation
18:23:36.075 [http-nio-8080-exec-6] WARN  o.s.w.s.m.s.DefaultHandlerExceptionResolver - Resolved exception caused by Handler execution: org.springframework.web.HttpMediaTypeNotAcceptableException: Could not find acceptable representation
18:23:45.397 [http-nio-8080-exec-3] WARN  o.s.w.s.m.s.DefaultHandlerExceptionResolver - Resolved exception caused by Handler execution: org.springframework.web.HttpMediaTypeNotAcceptableException: Could not find acceptable representation
18:23:45.397 [http-nio-8080-exec-10] WARN  o.s.w.s.m.s.DefaultHandlerExceptionResolver - Resolved exception caused by Handler execution: org.springframework.web.HttpMediaTypeNotAcceptableException: Could not find acceptable representation
18:23:45.398 [http-nio-8080-exec-5] WARN  o.s.w.s.m.s.DefaultHandlerExceptionResolver - Resolved exception caused by Handler execution: org.springframework.web.HttpMediaTypeNotAcceptableException: Could not find acceptable representation
18:23:45.400 [http-nio-8080-exec-7] WARN  o.s.w.s.m.s.DefaultHandlerExceptionResolver - Resolved exception caused by Handler execution: org.springframework.web.HttpMediaTypeNotAcceptableException: Could not find acceptable representation
18:23:45.410 [http-nio-8080-exec-2] WARN  o.s.w.s.m.s.DefaultHandlerExceptionResolver - Resolved exception caused by Handler execution: org.springframework.web.HttpMediaTypeNotAcceptableException: Could not find acceptable representation
18:23:45.414 [http-nio-8080-exec-2] WARN  o.s.w.s.m.s.DefaultHandlerExceptionResolver - Resolved exception caused by Handler execution: org.springframework.web.HttpMediaTypeNotAcceptableException: Could not find acceptable representation
18:23:48.681 [http-nio-8080-exec-4] WARN  o.s.w.s.m.s.DefaultHandlerExceptionResolver - Resolved exception caused by Handler execution: org.springframework.web.HttpMediaTypeNotAcceptableException: Could not find acceptable representation
18:23:48.681 [http-nio-8080-exec-1] WARN  o.s.w.s.m.s.DefaultHandlerExceptionResolver - Resolved exception caused by Handler execution: org.springframework.web.HttpMediaTypeNotAcceptableException: Could not find acceptable representation
18:23:48.681 [http-nio-8080-exec-9] WARN  o.s.w.s.m.s.DefaultHandlerExceptionResolver - Resolved exception caused by Handler execution: org.springframework.web.HttpMediaTypeNotAcceptableException: Could not find acceptable representation
18:23:48.682 [http-nio-8080-exec-6] WARN  o.s.w.s.m.s.DefaultHandlerExceptionResolver - Resolved exception caused by Handler execution: org.springframework.web.HttpMediaTypeNotAcceptableException: Could not find acceptable representation
18:23:48.697 [http-nio-8080-exec-3] WARN  o.s.w.s.m.s.DefaultHandlerExceptionResolver - Resolved exception caused by Handler execution: org.springframework.web.HttpMediaTypeNotAcceptableException: Could not find acceptable representation
18:23:48.707 [http-nio-8080-exec-10] WARN  o.s.w.s.m.s.DefaultHandlerExceptionResolver - Resolved exception caused by Handler execution: org.springframework.web.HttpMediaTypeNotAcceptableException: Could not find acceptable representation
18:23:51.576 [http-nio-8080-exec-8] WARN  o.s.w.s.m.s.DefaultHandlerExceptionResolver - Resolved exception caused by Handler execution: org.springframework.web.HttpMediaTypeNotAcceptableException: Could not find acceptable representation
18:23:51.576 [http-nio-8080-exec-2] WARN  o.s.w.s.m.s.DefaultHandlerExceptionResolver - Resolved exception caused by Handler execution: org.springframework.web.HttpMediaTypeNotAcceptableException: Could not find acceptable representation
18:23:51.576 [http-nio-8080-exec-7] WARN  o.s.w.s.m.s.DefaultHandlerExceptionResolver - Resolved exception caused by Handler execution: org.springframework.web.HttpMediaTypeNotAcceptableException: Could not find acceptable representation
18:23:51.578 [http-nio-8080-exec-5] WARN  o.s.w.s.m.s.DefaultHandlerExceptionResolver - Resolved exception caused by Handler execution: org.springframework.web.HttpMediaTypeNotAcceptableException: Could not find acceptable representation
18:23:51.592 [http-nio-8080-exec-4] WARN  o.s.w.s.m.s.DefaultHandlerExceptionResolver - Resolved exception caused by Handler execution: org.springframework.web.HttpMediaTypeNotAcceptableException: Could not find acceptable representation
18:23:51.592 [http-nio-8080-exec-1] WARN  o.s.w.s.m.s.DefaultHandlerExceptionResolver - Resolved exception caused by Handler execution: org.springframework.web.HttpMediaTypeNotAcceptableException: Could not find acceptable representation
18:24:00.705 [http-nio-8080-exec-9] WARN  o.s.w.s.m.s.DefaultHandlerExceptionResolver - Resolved exception caused by Handler execution: org.springframework.web.HttpMediaTypeNotAcceptableException: Could not find acceptable representation
18:24:00.725 [http-nio-8080-exec-6] WARN  o.s.w.s.m.s.DefaultHandlerExceptionResolver - Resolved exception caused by Handler execution: org.springframework.web.HttpMediaTypeNotAcceptableException: Could not find acceptable representation
18:24:04.892 [http-nio-8080-exec-10] WARN  o.s.w.s.m.s.DefaultHandlerExceptionResolver - Resolved exception caused by Handler execution: org.springframework.web.HttpMediaTypeNotAcceptableException: Could not find acceptable representation
18:24:04.892 [http-nio-8080-exec-7] WARN  o.s.w.s.m.s.DefaultHandlerExceptionResolver - Resolved exception caused by Handler execution: org.springframework.web.HttpMediaTypeNotAcceptableException: Could not find acceptable representation
18:24:04.892 [http-nio-8080-exec-8] WARN  o.s.w.s.m.s.DefaultHandlerExceptionResolver - Resolved exception caused by Handler execution: org.springframework.web.HttpMediaTypeNotAcceptableException: Could not find acceptable representation
18:24:04.899 [http-nio-8080-exec-3] WARN  o.s.w.s.m.s.DefaultHandlerExceptionResolver - Resolved exception caused by Handler execution: org.springframework.web.HttpMediaTypeNotAcceptableException: Could not find acceptable representation
18:24:04.905 [http-nio-8080-exec-5] WARN  o.s.w.s.m.s.DefaultHandlerExceptionResolver - Resolved exception caused by Handler execution: org.springframework.web.HttpMediaTypeNotAcceptableException: Could not find acceptable representation
18:24:04.905 [http-nio-8080-exec-2] WARN  o.s.w.s.m.s.DefaultHandlerExceptionResolver - Resolved exception caused by Handler execution: org.springframework.web.HttpMediaTypeNotAcceptableException: Could not find acceptable representation
18:24:07.787 [http-nio-8080-exec-1] WARN  o.s.w.s.m.s.DefaultHandlerExceptionResolver - Resolved exception caused by Handler execution: org.springframework.web.HttpMediaTypeNotAcceptableException: Could not find acceptable representation
18:24:07.787 [http-nio-8080-exec-9] WARN  o.s.w.s.m.s.DefaultHandlerExceptionResolver - Resolved exception caused by Handler execution: org.springframework.web.HttpMediaTypeNotAcceptableException: Could not find acceptable representation
18:24:07.788 [http-nio-8080-exec-4] WARN  o.s.w.s.m.s.DefaultHandlerExceptionResolver - Resolved exception caused by Handler execution: org.springframework.web.HttpMediaTypeNotAcceptableException: Could not find acceptable representation
18:24:07.789 [http-nio-8080-exec-6] WARN  o.s.w.s.m.s.DefaultHandlerExceptionResolver - Resolved exception caused by Handler execution: org.springframework.web.HttpMediaTypeNotAcceptableException: Could not find acceptable representation
18:24:07.794 [http-nio-8080-exec-10] WARN  o.s.w.s.m.s.DefaultHandlerExceptionResolver - Resolved exception caused by Handler execution: org.springframework.web.HttpMediaTypeNotAcceptableException: Could not find acceptable representation
18:24:07.796 [http-nio-8080-exec-8] WARN  o.s.w.s.m.s.DefaultHandlerExceptionResolver - Resolved exception caused by Handler execution: org.springframework.web.HttpMediaTypeNotAcceptableException: Could not find acceptable representation
18:24:19.442 [http-nio-8080-exec-5] WARN  o.s.w.s.m.s.DefaultHandlerExceptionResolver - Resolved exception caused by Handler execution: org.springframework.web.HttpMediaTypeNotAcceptableException: Could not find acceptable representation
18:24:19.442 [http-nio-8080-exec-7] WARN  o.s.w.s.m.s.DefaultHandlerExceptionResolver - Resolved exception caused by Handler execution: org.springframework.web.HttpMediaTypeNotAcceptableException: Could not find acceptable representation
18:24:19.442 [http-nio-8080-exec-2] WARN  o.s.w.s.m.s.DefaultHandlerExceptionResolver - Resolved exception caused by Handler execution: org.springframework.web.HttpMediaTypeNotAcceptableException: Could not find acceptable representation
18:24:19.464 [http-nio-8080-exec-3] WARN  o.s.w.s.m.s.DefaultHandlerExceptionResolver - Resolved exception caused by Handler execution: org.springframework.web.HttpMediaTypeNotAcceptableException: Could not find acceptable representation
18:24:19.466 [http-nio-8080-exec-1] WARN  o.s.w.s.m.s.DefaultHandlerExceptionResolver - Resolved exception caused by Handler execution: org.springframework.web.HttpMediaTypeNotAcceptableException: Could not find acceptable representation
18:24:19.466 [http-nio-8080-exec-4] WARN  o.s.w.s.m.s.DefaultHandlerExceptionResolver - Resolved exception caused by Handler execution: org.springframework.web.HttpMediaTypeNotAcceptableException: Could not find acceptable representation
18:26:26.162 [http-nio-8080-exec-2] WARN  o.s.w.s.m.s.DefaultHandlerExceptionResolver - Resolved exception caused by Handler execution: org.springframework.web.HttpMediaTypeNotAcceptableException: Could not find acceptable representation
18:26:26.176 [http-nio-8080-exec-5] WARN  o.s.w.s.m.s.DefaultHandlerExceptionResolver - Resolved exception caused by Handler execution: org.springframework.web.HttpMediaTypeNotAcceptableException: Could not find acceptable representation
18:26:26.183 [http-nio-8080-exec-7] WARN  o.s.w.s.m.s.DefaultHandlerExceptionResolver - Resolved exception caused by Handler execution: org.springframework.web.HttpMediaTypeNotAcceptableException: Could not find acceptable representation
18:26:27.878 [http-nio-8080-exec-3] WARN  o.s.w.s.m.s.DefaultHandlerExceptionResolver - Resolved exception caused by Handler execution: org.springframework.web.HttpMediaTypeNotAcceptableException: Could not find acceptable representation
18:26:27.888 [http-nio-8080-exec-1] WARN  o.s.w.s.m.s.DefaultHandlerExceptionResolver - Resolved exception caused by Handler execution: org.springframework.web.HttpMediaTypeNotAcceptableException: Could not find acceptable representation
18:26:27.896 [http-nio-8080-exec-4] WARN  o.s.w.s.m.s.DefaultHandlerExceptionResolver - Resolved exception caused by Handler execution: org.springframework.web.HttpMediaTypeNotAcceptableException: Could not find acceptable representation
18:26:29.134 [http-nio-8080-exec-8] WARN  o.s.w.s.m.s.DefaultHandlerExceptionResolver - Resolved exception caused by Handler execution: org.springframework.web.HttpMediaTypeNotAcceptableException: Could not find acceptable representation
18:26:29.135 [http-nio-8080-exec-9] WARN  o.s.w.s.m.s.DefaultHandlerExceptionResolver - Resolved exception caused by Handler execution: org.springframework.web.HttpMediaTypeNotAcceptableException: Could not find acceptable representation
18:26:29.135 [http-nio-8080-exec-6] WARN  o.s.w.s.m.s.DefaultHandlerExceptionResolver - Resolved exception caused by Handler execution: org.springframework.web.HttpMediaTypeNotAcceptableException: Could not find acceptable representation
18:26:31.652 [http-nio-8080-exec-7] WARN  o.s.w.s.m.s.DefaultHandlerExceptionResolver - Resolved exception caused by Handler execution: org.springframework.web.HttpMediaTypeNotAcceptableException: Could not find acceptable representation
18:26:31.652 [http-nio-8080-exec-2] WARN  o.s.w.s.m.s.DefaultHandlerExceptionResolver - Resolved exception caused by Handler execution: org.springframework.web.HttpMediaTypeNotAcceptableException: Could not find acceptable representation
18:26:31.652 [http-nio-8080-exec-5] WARN  o.s.w.s.m.s.DefaultHandlerExceptionResolver - Resolved exception caused by Handler execution: org.springframework.web.HttpMediaTypeNotAcceptableException: Could not find acceptable representation
18:26:31.653 [http-nio-8080-exec-10] WARN  o.s.w.s.m.s.DefaultHandlerExceptionResolver - Resolved exception caused by Handler execution: org.springframework.web.HttpMediaTypeNotAcceptableException: Could not find acceptable representation
18:26:31.684 [http-nio-8080-exec-1] WARN  o.s.w.s.m.s.DefaultHandlerExceptionResolver - Resolved exception caused by Handler execution: org.springframework.web.HttpMediaTypeNotAcceptableException: Could not find acceptable representation
18:26:31.684 [http-nio-8080-exec-3] WARN  o.s.w.s.m.s.DefaultHandlerExceptionResolver - Resolved exception caused by Handler execution: org.springframework.web.HttpMediaTypeNotAcceptableException: Could not find acceptable representation
18:26:32.684 [http-nio-8080-exec-4] WARN  o.s.w.s.m.s.DefaultHandlerExceptionResolver - Resolved exception caused by Handler execution: org.springframework.web.HttpMediaTypeNotAcceptableException: Could not find acceptable representation
18:26:33.197 [http-nio-8080-exec-8] WARN  o.s.w.s.m.s.DefaultHandlerExceptionResolver - Resolved exception caused by Handler execution: org.springframework.web.HttpMediaTypeNotAcceptableException: Could not find acceptable representation
18:26:34.327 [http-nio-8080-exec-9] WARN  o.s.w.s.m.s.DefaultHandlerExceptionResolver - Resolved exception caused by Handler execution: org.springframework.web.HttpMediaTypeNotAcceptableException: Could not find acceptable representation
18:26:35.188 [http-nio-8080-exec-6] WARN  o.s.w.s.m.s.DefaultHandlerExceptionResolver - Resolved exception caused by Handler execution: org.springframework.web.HttpMediaTypeNotAcceptableException: Could not find acceptable representation
18:26:36.266 [http-nio-8080-exec-2] WARN  o.s.w.s.m.s.DefaultHandlerExceptionResolver - Resolved exception caused by Handler execution: org.springframework.web.HttpMediaTypeNotAcceptableException: Could not find acceptable representation
18:26:36.985 [http-nio-8080-exec-7] WARN  o.s.w.s.m.s.DefaultHandlerExceptionResolver - Resolved exception caused by Handler execution: org.springframework.web.HttpMediaTypeNotAcceptableException: Could not find acceptable representation
18:26:37.570 [http-nio-8080-exec-5] WARN  o.s.w.s.m.s.DefaultHandlerExceptionResolver - Resolved exception caused by Handler execution: org.springframework.web.HttpMediaTypeNotAcceptableException: Could not find acceptable representation
18:26:38.156 [http-nio-8080-exec-10] WARN  o.s.w.s.m.s.DefaultHandlerExceptionResolver - Resolved exception caused by Handler execution: org.springframework.web.HttpMediaTypeNotAcceptableException: Could not find acceptable representation
18:26:38.673 [http-nio-8080-exec-1] WARN  o.s.w.s.m.s.DefaultHandlerExceptionResolver - Resolved exception caused by Handler execution: org.springframework.web.HttpMediaTypeNotAcceptableException: Could not find acceptable representation
18:26:40.821 [http-nio-8080-exec-3] WARN  o.s.w.s.m.s.DefaultHandlerExceptionResolver - Resolved exception caused by Handler execution: org.springframework.web.HttpMediaTypeNotAcceptableException: Could not find acceptable representation
18:26:41.207 [http-nio-8080-exec-4] WARN  o.s.w.s.m.s.DefaultHandlerExceptionResolver - Resolved exception caused by Handler execution: org.springframework.web.HttpMediaTypeNotAcceptableException: Could not find acceptable representation
18:26:41.586 [http-nio-8080-exec-8] WARN  o.s.w.s.m.s.DefaultHandlerExceptionResolver - Resolved exception caused by Handler execution: org.springframework.web.HttpMediaTypeNotAcceptableException: Could not find acceptable representation
18:26:41.934 [http-nio-8080-exec-9] WARN  o.s.w.s.m.s.DefaultHandlerExceptionResolver - Resolved exception caused by Handler execution: org.springframework.web.HttpMediaTypeNotAcceptableException: Could not find acceptable representation
18:26:42.304 [http-nio-8080-exec-6] WARN  o.s.w.s.m.s.DefaultHandlerExceptionResolver - Resolved exception caused by Handler execution: org.springframework.web.HttpMediaTypeNotAcceptableException: Could not find acceptable representation
